#
# There is insufficient memory for the Java Runtime Environment to continue.
# Native memory allocation (mmap) failed to map 331350016 bytes for G1 virtual space
# Possible reasons:
#   The system is out of physical RAM or swap space
#   The process is running with CompressedOops enabled, and the Java Heap may be blocking the growth of the native heap
# Possible solutions:
#   Reduce memory load on the system
#   Increase physical memory or swap space
#   Check if swap backing store is full
#   Decrease Java heap size (-Xmx/-Xms)
#   Decrease number of Java threads
#   Decrease Java thread stack sizes (-Xss)
#   Set larger code cache with -XX:ReservedCodeCacheSize=
#   JVM is running with Zero Based Compressed Oops mode in which the Java heap is
#     placed in the first 32GB address space. The Java Heap base address is the
#     maximum limit for the native heap growth. Please use -XX:HeapBaseMinAddress
#     to set the Java Heap base and to place the Java Heap above 32GB virtual address.
# This output file may be truncated or incomplete.
#
#  Out of Memory Error (os_windows.cpp:3548), pid=37532, tid=40588
#
# JRE version:  (17.0.12+8) (build )
# Java VM: Java HotSpot(TM) 64-Bit Server VM (17.0.12+8-LTS-286, mixed mode, sharing, tiered, compressed oops, compressed class ptrs, g1 gc, windows-amd64)
# No core dump will be written. Minidumps are not enabled by default on client versions of Windows
#

---------------  S U M M A R Y ------------

Command Line: -XX:+ShowCodeDetailsInExceptionMessages com.kortex.messaging.MessagingApplication

Host: 12th Gen Intel(R) Core(TM) i5-1245U, 12 cores, 19G,  Windows 11 , 64 bit Build 26100 (10.0.26100.2454)
Time: Fri Jan 31 14:16:42 2025 E. Africa Standard Time elapsed time: 0.021423 seconds (0d 0h 0m 0s)

---------------  T H R E A D  ---------------

Current thread (0x0000026d2b70b0d0):  JavaThread "Unknown thread" [_thread_in_vm, id=40588, stack(0x0000006e5c000000,0x0000006e5c100000)]

Stack: [0x0000006e5c000000,0x0000006e5c100000]
Native frames: (J=compiled Java code, j=interpreted, Vv=VM code, C=native code)
V  [jvm.dll+0x67a04a]
V  [jvm.dll+0x7da4ed]
V  [jvm.dll+0x7dbe33]
V  [jvm.dll+0x7dc4a3]
V  [jvm.dll+0x24508f]
V  [jvm.dll+0x677089]
V  [jvm.dll+0x66bd32]
V  [jvm.dll+0x301fa6]
V  [jvm.dll+0x309546]
V  [jvm.dll+0x359d2e]
V  [jvm.dll+0x359f5f]
V  [jvm.dll+0x2d9078]
V  [jvm.dll+0x2d9fe4]
V  [jvm.dll+0x7aca21]
V  [jvm.dll+0x367591]
V  [jvm.dll+0x78b999]
V  [jvm.dll+0x3ec83f]
V  [jvm.dll+0x3ee471]
C  [jli.dll+0x5297]
C  [ucrtbase.dll+0x14ea0]
C  [KERNEL32.DLL+0x2e8d7]
C  [ntdll.dll+0xdfbcc]


---------------  P R O C E S S  ---------------

Threads class SMR info:
_java_thread_list=0x00007ffccc937a18, length=0, elements={
}

Java Threads: ( => current thread )

Other Threads:
  0x0000026d2b7892f0 GCTaskThread "GC Thread#0" [stack: 0x0000006e5c100000,0x0000006e5c200000] [id=34680]
  0x0000026d2b794ca0 ConcurrentGCThread "G1 Main Marker" [stack: 0x0000006e5c200000,0x0000006e5c300000] [id=33552]
  0x0000026d2b79a280 ConcurrentGCThread "G1 Conc#0" [stack: 0x0000006e5c300000,0x0000006e5c400000] [id=23912]

[error occurred during error reporting (printing all threads), id 0xc0000005, EXCEPTION_ACCESS_VIOLATION (0xc0000005) at pc=0x00007ffccc169b67]

VM state: not at safepoint (not fully initialized)

VM Mutex/Monitor currently owned by a thread:  ([mutex/lock_event])
[0x0000026d2b706350] Heap_lock - owner thread: 0x0000026d2b70b0d0

Heap address: 0x00000006c4c00000, size: 5044 MB, Compressed Oops mode: Zero based, Oop shift amount: 3

CDS archive(s) mapped at: [0x0000000000000000-0x0000000000000000-0x0000000000000000), size 0, SharedBaseAddress: 0x0000000800000000, ArchiveRelocationMode: 1.
Narrow klass base: 0x0000000000000000, Narrow klass shift: 0, Narrow klass range: 0x0

GC Precious Log:
<Empty>

Heap:
 garbage-first heap   total 0K, used 0K [0x00000006c4c00000, 0x0000000800000000)
  region size 4096K, 0 young (0K), 0 survivors (0K)

[error occurred during error reporting (printing heap information), id 0xc0000005, EXCEPTION_ACCESS_VIOLATION (0xc0000005) at pc=0x00007ffccc553859]

GC Heap History (0 events):
No events

Deoptimization events (0 events):
No events

Classes unloaded (0 events):
No events

Classes redefined (0 events):
No events

Internal exceptions (0 events):
No events

VM Operations (0 events):
No events

Events (1 events):
Event: 0.013 Loaded shared library C:\Program Files\Java\jdk-17\bin\java.dll


Dynamic libraries:
0x00007ff69e350000 - 0x00007ff69e360000 	C:\Program Files\Java\jdk-17\bin\java.exe
0x00007ffd85c60000 - 0x00007ffd85ec3000 	C:\WINDOWS\SYSTEM32\ntdll.dll
0x00007ffd83ed0000 - 0x00007ffd83f98000 	C:\WINDOWS\System32\KERNEL32.DLL
0x00007ffd83580000 - 0x00007ffd83932000 	C:\WINDOWS\System32\KERNELBASE.dll
0x00007ffd83940000 - 0x00007ffd83a8b000 	C:\WINDOWS\System32\ucrtbase.dll
0x00007ffd68d90000 - 0x00007ffd68da9000 	C:\Program Files\Java\jdk-17\bin\jli.dll
0x00007ffd64700000 - 0x00007ffd6471b000 	C:\Program Files\Java\jdk-17\bin\VCRUNTIME140.dll
0x00007ffd850e0000 - 0x00007ffd85194000 	C:\WINDOWS\System32\ADVAPI32.dll
0x00007ffd851a0000 - 0x00007ffd85249000 	C:\WINDOWS\System32\msvcrt.dll
0x00007ffd83fa0000 - 0x00007ffd84046000 	C:\WINDOWS\System32\sechost.dll
0x00007ffd84080000 - 0x00007ffd84196000 	C:\WINDOWS\System32\RPCRT4.dll
0x00007ffd85250000 - 0x00007ffd85418000 	C:\WINDOWS\System32\USER32.dll
0x00007ffd66ae0000 - 0x00007ffd66d70000 	C:\WINDOWS\WinSxS\amd64_microsoft.windows.common-controls_6595b64144ccf1df_6.0.26100.2454_none_3e0b68a2e331ad60\COMCTL32.dll
0x00007ffd83a90000 - 0x00007ffd83ab7000 	C:\WINDOWS\System32\win32u.dll
0x00007ffd84050000 - 0x00007ffd8407a000 	C:\WINDOWS\System32\GDI32.dll
0x00007ffd83180000 - 0x00007ffd832ab000 	C:\WINDOWS\System32\gdi32full.dll
0x00007ffd832b0000 - 0x00007ffd83353000 	C:\WINDOWS\System32\msvcp_win.dll
0x00007ffd67f10000 - 0x00007ffd67f1b000 	C:\WINDOWS\SYSTEM32\VERSION.dll
0x00007ffd85080000 - 0x00007ffd850af000 	C:\WINDOWS\System32\IMM32.DLL
0x00007ffd7c0c0000 - 0x00007ffd7c0cc000 	C:\Program Files\Java\jdk-17\bin\vcruntime140_1.dll
0x00007ffd456e0000 - 0x00007ffd4576e000 	C:\Program Files\Java\jdk-17\bin\msvcp140.dll
0x00007ffccbe80000 - 0x00007ffccca60000 	C:\Program Files\Java\jdk-17\bin\server\jvm.dll
0x00007ffd841a0000 - 0x00007ffd841a8000 	C:\WINDOWS\System32\PSAPI.DLL
0x00007ffd4d1e0000 - 0x00007ffd4d1ea000 	C:\WINDOWS\SYSTEM32\WSOCK32.dll
0x00007ffd768f0000 - 0x00007ffd76926000 	C:\WINDOWS\SYSTEM32\WINMM.dll
0x00007ffd85000000 - 0x00007ffd85074000 	C:\WINDOWS\System32\WS2_32.dll
0x00007ffd81e30000 - 0x00007ffd81e4a000 	C:\WINDOWS\SYSTEM32\kernel.appcore.dll
0x00007ffd68d30000 - 0x00007ffd68d3a000 	C:\Program Files\Java\jdk-17\bin\jimage.dll
0x00007ffd7fb30000 - 0x00007ffd7fd71000 	C:\WINDOWS\SYSTEM32\DBGHELP.DLL
0x00007ffd83ac0000 - 0x00007ffd83e3e000 	C:\WINDOWS\System32\combase.dll
0x00007ffd84750000 - 0x00007ffd84826000 	C:\WINDOWS\System32\OLEAUT32.dll
0x00007ffd62950000 - 0x00007ffd62989000 	C:\WINDOWS\SYSTEM32\dbgcore.DLL
0x00007ffd83360000 - 0x00007ffd833f9000 	C:\WINDOWS\System32\bcryptPrimitives.dll
0x00007ffd61f70000 - 0x00007ffd61f95000 	C:\Program Files\Java\jdk-17\bin\java.dll

dbghelp: loaded successfully - version: 4.0.5 - missing functions: none
symbol engine: initialized successfully - sym options: 0x614 - pdb path: .;C:\Program Files\Java\jdk-17\bin;C:\WINDOWS\SYSTEM32;C:\WINDOWS\WinSxS\amd64_microsoft.windows.common-controls_6595b64144ccf1df_6.0.26100.2454_none_3e0b68a2e331ad60;C:\Program Files\Java\jdk-17\bin\server

VM Arguments:
jvm_args: -XX:+ShowCodeDetailsInExceptionMessages 
java_command: com.kortex.messaging.MessagingApplication
java_class_path (initial): C:\Users\fuaad\Desktop\class\messaging\messaging\target\classes;C:\Users\fuaad\.m2\repository\org\springframework\boot\spring-boot-starter-data-jpa\3.4.2\spring-boot-starter-data-jpa-3.4.2.jar;C:\Users\fuaad\.m2\repository\org\springframework\boot\spring-boot-starter\3.4.2\spring-boot-starter-3.4.2.jar;C:\Users\fuaad\.m2\repository\org\springframework\boot\spring-boot-starter-logging\3.4.2\spring-boot-starter-logging-3.4.2.jar;C:\Users\fuaad\.m2\repository\ch\qos\logback\logback-classic\1.5.16\logback-classic-1.5.16.jar;C:\Users\fuaad\.m2\repository\ch\qos\logback\logback-core\1.5.16\logback-core-1.5.16.jar;C:\Users\fuaad\.m2\repository\org\apache\logging\log4j\log4j-to-slf4j\2.24.3\log4j-to-slf4j-2.24.3.jar;C:\Users\fuaad\.m2\repository\org\apache\logging\log4j\log4j-api\2.24.3\log4j-api-2.24.3.jar;C:\Users\fuaad\.m2\repository\org\slf4j\jul-to-slf4j\2.0.16\jul-to-slf4j-2.0.16.jar;C:\Users\fuaad\.m2\repository\jakarta\annotation\jakarta.annotation-api\2.1.1\jakarta.annotation-api-2.1.1.jar;C:\Users\fuaad\.m2\repository\org\yaml\snakeyaml\2.3\snakeyaml-2.3.jar;C:\Users\fuaad\.m2\repository\org\springframework\boot\spring-boot-starter-jdbc\3.4.2\spring-boot-starter-jdbc-3.4.2.jar;C:\Users\fuaad\.m2\repository\com\zaxxer\HikariCP\5.1.0\HikariCP-5.1.0.jar;C:\Users\fuaad\.m2\repository\org\springframework\spring-jdbc\6.2.2\spring-jdbc-6.2.2.jar;C:\Users\fuaad\.m2\repository\org\hibernate\orm\hibernate-core\6.6.5.Final\hibernate-core-6.6.5.Final.jar;C:\Users\fuaad\.m2\repository\jakarta\persistence\jakarta.persistence-api\3.1.0\jakarta.persistence-api-3.1.0.jar;C:\Users\fuaad\.m2\repository\jakarta\transaction\jakarta.transaction-api\2.0.1\jakarta.transaction-api-2.0.1.jar;C:\Users\fuaad\.m2\repository\org\jboss\logging\jboss-logging\3.6.1.Final\jboss-logging-3.6.1.Final.jar;C:\Users\fuaad\.m2\repository\org\hibernate\common\hibernate-commons-annotations\7.0.3.Final\hibernate-commons-annotations-7.0.3.Final.jar;C:\Users\fuaad\.m2\repository\i
Launcher Type: SUN_STANDARD

[Global flags]
     intx CICompilerCount                          = 4                                         {product} {ergonomic}
     uint ConcGCThreads                            = 3                                         {product} {ergonomic}
     uint G1ConcRefinementThreads                  = 10                                        {product} {ergonomic}
   size_t G1HeapRegionSize                         = 4194304                                   {product} {ergonomic}
    uintx GCDrainStackTargetSize                   = 64                                        {product} {ergonomic}
   size_t InitialHeapSize                          = 331350016                                 {product} {ergonomic}
   size_t MarkStackSize                            = 4194304                                   {product} {ergonomic}
   size_t MaxHeapSize                              = 5289017344                                {product} {ergonomic}
   size_t MinHeapDeltaBytes                        = 4194304                                   {product} {ergonomic}
   size_t MinHeapSize                              = 8388608                                   {product} {ergonomic}
    uintx NonNMethodCodeHeapSize                   = 5839372                                {pd product} {ergonomic}
    uintx NonProfiledCodeHeapSize                  = 122909434                              {pd product} {ergonomic}
    uintx ProfiledCodeHeapSize                     = 122909434                              {pd product} {ergonomic}
    uintx ReservedCodeCacheSize                    = 251658240                              {pd product} {ergonomic}
     bool SegmentedCodeCache                       = true                                      {product} {ergonomic}
     bool ShowCodeDetailsInExceptionMessages       = true                                   {manageable} {command line}
   size_t SoftMaxHeapSize                          = 5289017344                             {manageable} {ergonomic}
     bool UseCompressedClassPointers               = true                           {product lp64_product} {ergonomic}
     bool UseCompressedOops                        = true                           {product lp64_product} {ergonomic}
     bool UseG1GC                                  = true                                      {product} {ergonomic}
     bool UseLargePagesIndividualAllocation        = false                                  {pd product} {ergonomic}

Logging:
Log output configuration:
 #0: stdout all=warning uptime,level,tags
 #1: stderr all=off uptime,level,tags

Environment Variables:
PATH=C:\Users\fuaad\bin;C:\Program Files\Git\mingw64\bin;C:\Program Files\Git\usr\local\bin;C:\Program Files\Git\usr\bin;C:\Program Files\Git\usr\bin;C:\Program Files\Git\mingw64\bin;C:\Program Files\Git\usr\bin;C:\Users\fuaad\bin;C:\Program Files\Common Files\Oracle\Java\javapath;C:\WINDOWS\system32;C:\WINDOWS;C:\WINDOWS\System32\Wbem;C:\WINDOWS\System32\WindowsPowerShell\v1.0;C:\WINDOWS\System32\OpenSSH;C:\Program Files\Git\cmd;C:\Program Files (x86)\AOMEI\AOMEI Backupper\7.3.3;C:\ProgramData\chocolatey\bin;C:\Users\fuaad\AppData\Local\Programs\Microsoft VS Code\bin;C:\Users\fuaad\AppData\Local\Programs\Python\Python312;C:\Program Files\nodejs;C:\Program Files\CMake\bin;C:\Users\fuaad\AppData\Local\Pub\Cache\bin;C:\Users\fuaad\AppData\Local\Programs\Python\Python312\Lib\site-packages;C:\Users\fuaad\AppData\Local\Programs\Python\Python312\Scripts;C:\webdriver;C:\Program Files\Microsoft SQL Server\150\Tools\Binn;C:\Program Files\Microsoft SQL Server\Client SDK\ODBC\170\Tools\Binn;C:\Program Files (x86)\Microsoft SQL Server\160\DTS\Binn;C:\Program Files (x86)\Microsoft SQL Server\160\Tools\Binn;C:\Program Files\Microsoft SQL Server\160\Tools\Binn;C:\Program Files\Microsoft SQL Server\160\DTS\Binn;C:\Path_files;C:\Program Files\dotnet;C:\Program Files (x86)\Yarn\bin;C:\Program Files\Go\bin;C:\Users\fuaad\AppData\Local\Programs\Python\Python38;C:\Users\fuaad\AppData\Local\Programs\Python\Python38\Scripts;C:\nats;C:\Program Files\Amazon\AWSCLIV2;C:\Program Files\Minikube;C:\Users\fuaad\scoop\shims;C:\Program Files\MySQL\MySQL Shell 8.0\bin;C:\Users\fuaad\flutter\bin;C:\Users\fuaad\AppData\Roaming\npm;C:\Users\fuaad\AppData\Local\Pub\Cache\bin;C:\Users\fuaad\AppData\Local\Programs\Python\Python312\Scripts;C:\Users\fuaad\.dotnet\tools;C:\Path_files;C:\Users\fuaad\AppData\Local\Yarn\bin;C:\Program Files\JetBrains\JetBrains Rider 2024.2.1\bin;C:\Users\fuaad\go\bin;C:\Users\fuaad\AppData\Local\Programs\mongosh;C:\Users\fuaad\AppData\Local\Programs\Microsoft VS Code\bin;C:\Users
USERNAME=fuaad
SHELL=C:\Program Files\Git\usr\bin\bash.exe
DISPLAY=needs-to-be-defined
LANG=en_US.UTF-8
OS=Windows_NT
PROCESSOR_IDENTIFIER=Intel64 Family 6 Model 154 Stepping 4, GenuineIntel



---------------  S Y S T E M  ---------------

OS:
 Windows 11 , 64 bit Build 26100 (10.0.26100.2454)
OS uptime: 2 days 0:19 hours
Hyper-V role detected

CPU: total 12 (initial active 12) (6 cores per cpu, 2 threads per core) family 6 model 154 stepping 4 microcode 0x435, cx8, cmov, fxsr, ht, mmx, 3dnowpref, sse, sse2, sse3, ssse3, sse4.1, sse4.2, popcnt, lzcnt, tsc, tscinvbit, avx, avx2, aes, erms, clmul, bmi1, bmi2, adx, sha, fma, vzeroupper, clflush, clflushopt, clwb, hv

Memory: 4k page, system-wide physical 20164M (2558M free)
TotalPageFile size 30564M (AvailPageFile size 241M)
current process WorkingSet (physical memory assigned to process): 12M, peak: 12M
current process commit charge ("private bytes"): 64M, peak: 380M

vm_info: Java HotSpot(TM) 64-Bit Server VM (17.0.12+8-LTS-286) for windows-amd64 JRE (17.0.12+8-LTS-286), built on Jun  5 2024 06:46:59 by "mach5one" with MS VC++ 17.6 (VS2022)

END.
