#
# There is insufficient memory for the Java Runtime Environment to continue.
# Native memory allocation (malloc) failed to allocate 981216 bytes. Error detail: Chunk::new
# Possible reasons:
#   The system is out of physical RAM or swap space
#   This process is running with CompressedOops enabled, and the Java Heap may be blocking the growth of the native heap
# Possible solutions:
#   Reduce memory load on the system
#   Increase physical memory or swap space
#   Check if swap backing store is full
#   Decrease Java heap size (-Xmx/-Xms)
#   Decrease number of Java threads
#   Decrease Java thread stack sizes (-Xss)
#   Set larger code cache with -XX:ReservedCodeCacheSize=
#   JVM is running with Unscaled Compressed Oops mode in which the Java heap is
#     placed in the first 4GB address space. The Java Heap base address is the
#     maximum limit for the native heap growth. Please use -XX:HeapBaseMinAddress
#     to set the Java Heap base and to place the Java Heap above 4GB virtual address.
# This output file may be truncated or incomplete.
#
#  Out of Memory Error (arena.cpp:168), pid=19060, tid=34848
#
# JRE version: OpenJDK Runtime Environment Temurin-21.0.5+11 (21.0.5+11) (build 21.0.5+11-LTS)
# Java VM: OpenJDK 64-Bit Server VM Temurin-21.0.5+11 (21.0.5+11-LTS, mixed mode, sharing, tiered, compressed oops, compressed class ptrs, parallel gc, windows-amd64)
# No core dump will be written. Minidumps are not enabled by default on client versions of Windows
#

---------------  S U M M A R Y ------------

Command Line: --add-modules=ALL-SYSTEM --add-opens=java.base/java.util=ALL-UNNAMED --add-opens=java.base/java.lang=ALL-UNNAMED --add-opens=java.base/sun.nio.fs=ALL-UNNAMED -Declipse.application=org.eclipse.jdt.ls.core.id1 -Dosgi.bundles.defaultStartLevel=4 -Declipse.product=org.eclipse.jdt.ls.core.product -Djava.import.generatesMetadataFilesAtProjectRoot=false -DDetectVMInstallationsJob.disabled=true -Dfile.encoding=utf8 -XX:+UseParallelGC -XX:GCTimeRatio=4 -XX:AdaptiveSizePolicyWeight=90 -Dsun.zip.disableMemoryMapping=true -Xmx1G -Xms100m -Xlog:disable -javaagent:c:\Users\fuaad\.vscode\extensions\redhat.java-1.39.0-win32-x64\lombok\lombok-1.18.34.jar -XX:+HeapDumpOnOutOfMemoryError -XX:HeapDumpPath=c:\Users\fuaad\AppData\Roaming\Code\User\workspaceStorage\6c30bd74ec3d34501360af8526b8c21c\redhat.java -Daether.dependencyCollector.impl=bf c:\Users\fuaad\.vscode\extensions\redhat.java-1.39.0-win32-x64\server\plugins\org.eclipse.equinox.launcher_1.6.900.v20240613-2009.jar -configuration c:\Users\fuaad\AppData\Roaming\Code\User\globalStorage\redhat.java\1.39.0\config_win -data c:\Users\fuaad\AppData\Roaming\Code\User\workspaceStorage\6c30bd74ec3d34501360af8526b8c21c\redhat.java\jdt_ws --pipe=\\.\pipe\lsp-2e18bda593d0ad090e0f91a76b38a46e-sock

Host: 12th Gen Intel(R) Core(TM) i5-1245U, 12 cores, 19G,  Windows 11 , 64 bit Build 26100 (10.0.26100.2454)
Time: Fri Jan 31 13:39:47 2025 E. Africa Standard Time elapsed time: 22.975153 seconds (0d 0h 0m 22s)

---------------  T H R E A D  ---------------

Current thread (0x0000023206795e80):  JavaThread "C2 CompilerThread1" daemon [_thread_in_native, id=34848, stack(0x000000ff3f600000,0x000000ff3f700000) (1024K)]


Current CompileTask:
C2:22975 11426       4       java.lang.invoke.MethodType::makeImpl (109 bytes)

Stack: [0x000000ff3f600000,0x000000ff3f700000]
Native frames: (J=compiled Java code, j=interpreted, Vv=VM code, C=native code)
V  [jvm.dll+0x6cd4e9]
V  [jvm.dll+0x8a7941]
V  [jvm.dll+0x8a9e6e]
V  [jvm.dll+0x8aa543]
V  [jvm.dll+0x27f6d6]
V  [jvm.dll+0xc500d]
V  [jvm.dll+0xc5543]
V  [jvm.dll+0x3b660c]
V  [jvm.dll+0x1dfdf3]
V  [jvm.dll+0x247b22]
V  [jvm.dll+0x246faf]
V  [jvm.dll+0x1c75ce]
V  [jvm.dll+0x25682a]
V  [jvm.dll+0x254dca]
V  [jvm.dll+0x3f00d6]
V  [jvm.dll+0x8514fb]
V  [jvm.dll+0x6cbbed]
C  [ucrtbase.dll+0x14ea0]
C  [KERNEL32.DLL+0x2e8d7]
C  [ntdll.dll+0xdfbcc]


---------------  P R O C E S S  ---------------

Threads class SMR info:
_java_thread_list=0x000002327e84df40, length=83, elements={
0x000002322677db20, 0x00000232268243a0, 0x000002323accd700, 0x000002323acce880,
0x0000023226827500, 0x0000023226828150, 0x000002322682abb0, 0x000002322682b930,
0x000002327d196d30, 0x000002327d207a40, 0x000002327d48a910, 0x000002327eb48b10,
0x000002327ed6c8b0, 0x000002327ee05920, 0x000002327ed782f0, 0x000002327d312090,
0x000002327eeb4850, 0x000002327efda510, 0x000002327efd7090, 0x000002327efd8440,
0x000002327efd7db0, 0x000002327efd8ad0, 0x000002327efd9160, 0x000002327efd9e80,
0x000002327efd97f0, 0x000002327efd7720, 0x0000023204a81c90, 0x0000023204a81600,
0x0000023204a83040, 0x0000023204a836d0, 0x0000023204a808e0, 0x0000023204a82320,
0x0000023204a829b0, 0x0000023204a80250, 0x0000023204a80f70, 0x0000023204a857a0,
0x0000023204a86b50, 0x0000023204a864c0, 0x0000023204a871e0, 0x0000023204a83d60,
0x0000023204a85110, 0x0000023204a87870, 0x0000023204a843f0, 0x0000023204a84a80,
0x000002327eb19b60, 0x000002327eb1cfe0, 0x000002327eb1c2c0, 0x000002327eb1b5a0,
0x000002327eb1bc30, 0x000002327eb1d670, 0x000002327eb1a1f0, 0x000002327eb1dd00,
0x000002327eb1a880, 0x000002327eb1e390, 0x000002327eb1af10, 0x000002327eb1ea20,
0x000002327eb20af0, 0x000002327eb1f0b0, 0x000002327eb1f740, 0x000002327eb21180,
0x000002327eb1fdd0, 0x000002327eb20460, 0x0000023205d9fcf0, 0x0000023205d9efd0,
0x0000023205d9f660, 0x0000023205d9cf00, 0x0000023205da0a10, 0x0000023205d9e2b0,
0x0000023205d9d590, 0x0000023205da4520, 0x0000023205da2450, 0x0000023205da1730,
0x0000023205da1dc0, 0x0000023205da2ae0, 0x0000023205da3170, 0x0000023206795e80,
0x00000232103b1ea0, 0x00000232103b4600, 0x00000232103b1180, 0x00000232103b2bc0,
0x00000232103b38e0, 0x00000232103b1810, 0x0000023206796550
}

Java Threads: ( => current thread )
  0x000002322677db20 JavaThread "main"                              [_thread_blocked, id=38416, stack(0x000000ff3d800000,0x000000ff3d900000) (1024K)]
  0x00000232268243a0 JavaThread "Reference Handler"          daemon [_thread_blocked, id=40432, stack(0x000000ff3dc00000,0x000000ff3dd00000) (1024K)]
  0x000002323accd700 JavaThread "Finalizer"                  daemon [_thread_blocked, id=2552, stack(0x000000ff3dd00000,0x000000ff3de00000) (1024K)]
  0x000002323acce880 JavaThread "Signal Dispatcher"          daemon [_thread_blocked, id=36384, stack(0x000000ff3de00000,0x000000ff3df00000) (1024K)]
  0x0000023226827500 JavaThread "Attach Listener"            daemon [_thread_blocked, id=11720, stack(0x000000ff3df00000,0x000000ff3e000000) (1024K)]
  0x0000023226828150 JavaThread "Service Thread"             daemon [_thread_blocked, id=29584, stack(0x000000ff3e000000,0x000000ff3e100000) (1024K)]
  0x000002322682abb0 JavaThread "Monitor Deflation Thread"   daemon [_thread_blocked, id=17060, stack(0x000000ff3e100000,0x000000ff3e200000) (1024K)]
  0x000002322682b930 JavaThread "C2 CompilerThread0"         daemon [_thread_in_native, id=1280, stack(0x000000ff3e200000,0x000000ff3e300000) (1024K)]
  0x000002327d196d30 JavaThread "C1 CompilerThread0"         daemon [_thread_blocked, id=35472, stack(0x000000ff3e300000,0x000000ff3e400000) (1024K)]
  0x000002327d207a40 JavaThread "Common-Cleaner"             daemon [_thread_blocked, id=13184, stack(0x000000ff3e400000,0x000000ff3e500000) (1024K)]
  0x000002327d48a910 JavaThread "Notification Thread"        daemon [_thread_blocked, id=40484, stack(0x000000ff3e600000,0x000000ff3e700000) (1024K)]
  0x000002327eb48b10 JavaThread "Active Thread: Equinox Container: be375cca-558a-4dc9-9381-b4dd13319599"        [_thread_blocked, id=26752, stack(0x000000ff3ee00000,0x000000ff3ef00000) (1024K)]
  0x000002327ed6c8b0 JavaThread "Refresh Thread: Equinox Container: be375cca-558a-4dc9-9381-b4dd13319599" daemon [_thread_blocked, id=37668, stack(0x000000ff3ef00000,0x000000ff3f000000) (1024K)]
  0x000002327ee05920 JavaThread "Framework Event Dispatcher: Equinox Container: be375cca-558a-4dc9-9381-b4dd13319599" daemon [_thread_blocked, id=35800, stack(0x000000ff3f100000,0x000000ff3f200000) (1024K)]
  0x000002327ed782f0 JavaThread "Start Level: Equinox Container: be375cca-558a-4dc9-9381-b4dd13319599" daemon [_thread_blocked, id=24472, stack(0x000000ff3f200000,0x000000ff3f300000) (1024K)]
  0x000002327d312090 JavaThread "Bundle File Closer"         daemon [_thread_blocked, id=29572, stack(0x000000ff3e500000,0x000000ff3e600000) (1024K)]
  0x000002327eeb4850 JavaThread "SCR Component Actor"        daemon [_thread_blocked, id=21220, stack(0x000000ff3f400000,0x000000ff3f500000) (1024K)]
  0x000002327efda510 JavaThread "Worker-JM"                         [_thread_blocked, id=23684, stack(0x000000ff3f700000,0x000000ff3f800000) (1024K)]
  0x000002327efd7090 JavaThread "JNA Cleaner"                daemon [_thread_blocked, id=22136, stack(0x000000ff3f800000,0x000000ff3f900000) (1024K)]
  0x000002327efd8440 JavaThread "Worker-0"                          [_thread_blocked, id=3136, stack(0x000000ff3f900000,0x000000ff3fa00000) (1024K)]
  0x000002327efd7db0 JavaThread "Worker-1"                          [_thread_blocked, id=2468, stack(0x000000ff3fa00000,0x000000ff3fb00000) (1024K)]
  0x000002327efd8ad0 JavaThread "Java indexing"              daemon [_thread_blocked, id=41732, stack(0x000000ff3fc00000,0x000000ff3fd00000) (1024K)]
  0x000002327efd9160 JavaThread "Worker-2"                          [_thread_blocked, id=40668, stack(0x000000ff3fd00000,0x000000ff3fe00000) (1024K)]
  0x000002327efd9e80 JavaThread "Worker-3: Java indexing... "        [_thread_blocked, id=9256, stack(0x000000ff40100000,0x000000ff40200000) (1024K)]
  0x000002327efd97f0 JavaThread "Worker-4"                          [_thread_blocked, id=10912, stack(0x000000ff40200000,0x000000ff40300000) (1024K)]
  0x000002327efd7720 JavaThread "Thread-2"                   daemon [_thread_in_native, id=34676, stack(0x000000ff40300000,0x000000ff40400000) (1024K)]
  0x0000023204a81c90 JavaThread "Thread-3"                   daemon [_thread_in_native, id=34616, stack(0x000000ff40400000,0x000000ff40500000) (1024K)]
  0x0000023204a81600 JavaThread "Thread-4"                   daemon [_thread_in_native, id=40472, stack(0x000000ff40500000,0x000000ff40600000) (1024K)]
  0x0000023204a83040 JavaThread "Thread-5"                   daemon [_thread_in_native, id=21312, stack(0x000000ff40600000,0x000000ff40700000) (1024K)]
  0x0000023204a836d0 JavaThread "Thread-6"                   daemon [_thread_in_native, id=21932, stack(0x000000ff40700000,0x000000ff40800000) (1024K)]
  0x0000023204a808e0 JavaThread "Thread-7"                   daemon [_thread_in_native, id=31208, stack(0x000000ff40800000,0x000000ff40900000) (1024K)]
  0x0000023204a82320 JavaThread "Thread-8"                   daemon [_thread_in_native, id=6776, stack(0x000000ff40900000,0x000000ff40a00000) (1024K)]
  0x0000023204a829b0 JavaThread "Thread-9"                   daemon [_thread_in_native, id=25120, stack(0x000000ff40a00000,0x000000ff40b00000) (1024K)]
  0x0000023204a80250 JavaThread "Thread-10"                  daemon [_thread_in_native, id=39096, stack(0x000000ff40b00000,0x000000ff40c00000) (1024K)]
  0x0000023204a80f70 JavaThread "Thread-11"                  daemon [_thread_in_native, id=40392, stack(0x000000ff40c00000,0x000000ff40d00000) (1024K)]
  0x0000023204a857a0 JavaThread "Thread-12"                  daemon [_thread_in_native, id=35624, stack(0x000000ff40d00000,0x000000ff40e00000) (1024K)]
  0x0000023204a86b50 JavaThread "Thread-13"                  daemon [_thread_in_native, id=39752, stack(0x000000ff40e00000,0x000000ff40f00000) (1024K)]
  0x0000023204a864c0 JavaThread "Thread-14"                  daemon [_thread_in_native, id=15740, stack(0x000000ff40f00000,0x000000ff41000000) (1024K)]
  0x0000023204a871e0 JavaThread "pool-2-thread-1"                   [_thread_blocked, id=39588, stack(0x000000ff41000000,0x000000ff41100000) (1024K)]
  0x0000023204a83d60 JavaThread "WorkspaceEventsHandler"            [_thread_blocked, id=31636, stack(0x000000ff41100000,0x000000ff41200000) (1024K)]
  0x0000023204a85110 JavaThread "pool-1-thread-1"                   [_thread_blocked, id=23520, stack(0x000000ff41200000,0x000000ff41300000) (1024K)]
  0x0000023204a87870 JavaThread "Worker-5"                          [_thread_blocked, id=39508, stack(0x000000ff41400000,0x000000ff41500000) (1024K)]
  0x0000023204a843f0 JavaThread "Worker-6: Initialize workspace"        [_thread_in_native, id=34868, stack(0x000000ff41500000,0x000000ff41600000) (1024K)]
  0x0000023204a84a80 JavaThread "Keep-Alive-Timer"           daemon [_thread_blocked, id=39264, stack(0x000000ff41600000,0x000000ff41700000) (1024K)]
  0x000002327eb19b60 JavaThread "LocalFile Deleter"          daemon [_thread_blocked, id=35976, stack(0x000000ff3f500000,0x000000ff3f600000) (1024K)]
  0x000002327eb1cfe0 JavaThread "LocalFile Deleter"          daemon [_thread_blocked, id=10876, stack(0x000000ff41700000,0x000000ff41800000) (1024K)]
  0x000002327eb1c2c0 JavaThread "LocalFile Deleter"          daemon [_thread_blocked, id=31076, stack(0x000000ff41800000,0x000000ff41900000) (1024K)]
  0x000002327eb1b5a0 JavaThread "LocalFile Deleter"          daemon [_thread_blocked, id=39216, stack(0x000000ff41900000,0x000000ff41a00000) (1024K)]
  0x000002327eb1bc30 JavaThread "LocalFile Deleter"          daemon [_thread_blocked, id=30184, stack(0x000000ff41a00000,0x000000ff41b00000) (1024K)]
  0x000002327eb1d670 JavaThread "LocalFile Deleter"          daemon [_thread_blocked, id=35488, stack(0x000000ff41b00000,0x000000ff41c00000) (1024K)]
  0x000002327eb1a1f0 JavaThread "LocalFile Deleter"          daemon [_thread_blocked, id=36488, stack(0x000000ff41c00000,0x000000ff41d00000) (1024K)]
  0x000002327eb1dd00 JavaThread "LocalFile Deleter"          daemon [_thread_blocked, id=33876, stack(0x000000ff41d00000,0x000000ff41e00000) (1024K)]
  0x000002327eb1a880 JavaThread "LocalFile Deleter"          daemon [_thread_blocked, id=11236, stack(0x000000ff41e00000,0x000000ff41f00000) (1024K)]
  0x000002327eb1e390 JavaThread "LocalFile Deleter"          daemon [_thread_blocked, id=27284, stack(0x000000ff41f00000,0x000000ff42000000) (1024K)]
  0x000002327eb1af10 JavaThread "LocalFile Deleter"          daemon [_thread_blocked, id=14896, stack(0x000000ff42000000,0x000000ff42100000) (1024K)]
  0x000002327eb1ea20 JavaThread "LocalFile Deleter"          daemon [_thread_blocked, id=30260, stack(0x000000ff42100000,0x000000ff42200000) (1024K)]
  0x000002327eb20af0 JavaThread "Compiler Source File Reader" daemon [_thread_blocked, id=17972, stack(0x000000ff42200000,0x000000ff42300000) (1024K)]
  0x000002327eb1f0b0 JavaThread "Compiler Source File Reader" daemon [_thread_blocked, id=14892, stack(0x000000ff42300000,0x000000ff42400000) (1024K)]
  0x000002327eb1f740 JavaThread "Compiler Source File Reader" daemon [_thread_blocked, id=39356, stack(0x000000ff42400000,0x000000ff42500000) (1024K)]
  0x000002327eb21180 JavaThread "Compiler Source File Reader" daemon [_thread_blocked, id=8884, stack(0x000000ff42500000,0x000000ff42600000) (1024K)]
  0x000002327eb1fdd0 JavaThread "Compiler Source File Reader" daemon [_thread_blocked, id=35660, stack(0x000000ff42600000,0x000000ff42700000) (1024K)]
  0x000002327eb20460 JavaThread "Compiler Source File Reader" daemon [_thread_blocked, id=8444, stack(0x000000ff42700000,0x000000ff42800000) (1024K)]
  0x0000023205d9fcf0 JavaThread "Compiler Source File Reader" daemon [_thread_blocked, id=40248, stack(0x000000ff42800000,0x000000ff42900000) (1024K)]
  0x0000023205d9efd0 JavaThread "Compiler Source File Reader" daemon [_thread_blocked, id=39036, stack(0x000000ff42900000,0x000000ff42a00000) (1024K)]
  0x0000023205d9f660 JavaThread "Compiler Processing Task"   daemon [_thread_blocked, id=19140, stack(0x000000ff42a00000,0x000000ff42b00000) (1024K)]
  0x0000023205d9cf00 JavaThread "Compiler Class File Writer" daemon [_thread_blocked, id=32488, stack(0x000000ff42b00000,0x000000ff42c00000) (1024K)]
  0x0000023205da0a10 JavaThread "Compiler Class File Writer" daemon [_thread_blocked, id=40688, stack(0x000000ff42c00000,0x000000ff42d00000) (1024K)]
  0x0000023205d9e2b0 JavaThread "Compiler Class File Writer" daemon [_thread_blocked, id=36524, stack(0x000000ff42d00000,0x000000ff42e00000) (1024K)]
  0x0000023205d9d590 JavaThread "Compiler Class File Writer" daemon [_thread_blocked, id=22012, stack(0x000000ff42e00000,0x000000ff42f00000) (1024K)]
  0x0000023205da4520 JavaThread "Compiler Class File Writer" daemon [_thread_blocked, id=28896, stack(0x000000ff42f00000,0x000000ff43000000) (1024K)]
  0x0000023205da2450 JavaThread "Compiler Class File Writer" daemon [_thread_blocked, id=19320, stack(0x000000ff43000000,0x000000ff43100000) (1024K)]
  0x0000023205da1730 JavaThread "Compiler Class File Writer" daemon [_thread_blocked, id=20248, stack(0x000000ff43100000,0x000000ff43200000) (1024K)]
  0x0000023205da1dc0 JavaThread "Compiler Class File Writer" daemon [_thread_blocked, id=26996, stack(0x000000ff43200000,0x000000ff43300000) (1024K)]
  0x0000023205da2ae0 JavaThread "Compiler Source File Reader" daemon [_thread_blocked, id=14604, stack(0x000000ff43300000,0x000000ff43400000) (1024K)]
  0x0000023205da3170 JavaThread "Compiler Class File Writer" daemon [_thread_blocked, id=39056, stack(0x000000ff43400000,0x000000ff43500000) (1024K)]
=>0x0000023206795e80 JavaThread "C2 CompilerThread1"         daemon [_thread_in_native, id=34848, stack(0x000000ff3f600000,0x000000ff3f700000) (1024K)]
  0x00000232103b1ea0 JavaThread "ForkJoinPool.commonPool-worker-1" daemon [_thread_blocked, id=24404, stack(0x000000ff43500000,0x000000ff43600000) (1024K)]
  0x00000232103b4600 JavaThread "ForkJoinPool.commonPool-worker-2" daemon [_thread_blocked, id=36232, stack(0x000000ff43600000,0x000000ff43700000) (1024K)]
  0x00000232103b1180 JavaThread "ForkJoinPool.commonPool-worker-3" daemon [_thread_blocked, id=26708, stack(0x000000ff3fb00000,0x000000ff3fc00000) (1024K)]
  0x00000232103b2bc0 JavaThread "ForkJoinPool.commonPool-worker-4" daemon [_thread_blocked, id=18192, stack(0x000000ff43700000,0x000000ff43800000) (1024K)]
  0x00000232103b38e0 JavaThread "ForkJoinPool.commonPool-worker-5" daemon [_thread_blocked, id=31068, stack(0x000000ff43800000,0x000000ff43900000) (1024K)]
  0x00000232103b1810 JavaThread "SCR Component Registry"     daemon [_thread_blocked, id=34636, stack(0x000000ff43900000,0x000000ff43a00000) (1024K)]
  0x0000023206796550 JavaThread "C2 CompilerThread2"         daemon [_thread_in_native, id=28484, stack(0x000000ff43a00000,0x000000ff43b00000) (1024K)]
Total: 83

Other Threads:
  0x000002323acb4960 VMThread "VM Thread"                           [id=30076, stack(0x000000ff3db00000,0x000000ff3dc00000) (1024K)]
  0x000002323abaca00 WatcherThread "VM Periodic Task Thread"        [id=40488, stack(0x000000ff3da00000,0x000000ff3db00000) (1024K)]
  0x000002322679b2d0 WorkerThread "GC Thread#0"                     [id=38176, stack(0x000000ff3d900000,0x000000ff3da00000) (1024K)]
  0x000002327e60c890 WorkerThread "GC Thread#1"                     [id=10844, stack(0x000000ff3e800000,0x000000ff3e900000) (1024K)]
  0x000002327e60cc30 WorkerThread "GC Thread#2"                     [id=14936, stack(0x000000ff3e900000,0x000000ff3ea00000) (1024K)]
  0x000002327e60cfd0 WorkerThread "GC Thread#3"                     [id=19384, stack(0x000000ff3ea00000,0x000000ff3eb00000) (1024K)]
  0x000002327e60d370 WorkerThread "GC Thread#4"                     [id=35920, stack(0x000000ff3eb00000,0x000000ff3ec00000) (1024K)]
  0x000002327e60d710 WorkerThread "GC Thread#5"                     [id=15336, stack(0x000000ff3ec00000,0x000000ff3ed00000) (1024K)]
  0x000002327e89f6f0 WorkerThread "GC Thread#6"                     [id=27872, stack(0x000000ff3ed00000,0x000000ff3ee00000) (1024K)]
  0x000002327e89f350 WorkerThread "GC Thread#7"                     [id=14668, stack(0x000000ff3f000000,0x000000ff3f100000) (1024K)]
  0x000002327e89e870 WorkerThread "GC Thread#8"                     [id=15992, stack(0x000000ff3e700000,0x000000ff3e800000) (1024K)]
  0x000002327e89efb0 WorkerThread "GC Thread#9"                     [id=18012, stack(0x000000ff3f300000,0x000000ff3f400000) (1024K)]
Total: 12

Threads with active compile tasks:
C2 CompilerThread0  23010 11517 % !   4       java.util.jar.Attributes::read @ 214 (494 bytes)
C2 CompilerThread1  23010 11426       4       java.lang.invoke.MethodType::makeImpl (109 bytes)
C2 CompilerThread2  23010 11477       4       java.util.zip.ZipFile$Source::initCEN (612 bytes)
Total: 3

VM state: at safepoint (normal execution)

VM Mutex/Monitor currently owned by a thread:  ([mutex/lock_event])
[0x00007ffcd47bd380] Threads_lock - owner thread: 0x000002323acb4960
[0x00007ffcd47bd480] Heap_lock - owner thread: 0x000002327efd8ad0

Heap address: 0x00000000c0000000, size: 1024 MB, Compressed Oops mode: 32-bit

CDS archive(s) mapped at: [0x000002323b000000-0x000002323bba0000-0x000002323bba0000), size 12189696, SharedBaseAddress: 0x000002323b000000, ArchiveRelocationMode: 1.
Compressed class space mapped at: 0x000002323c000000-0x000002327c000000, reserved size: 1073741824
Narrow klass base: 0x000002323b000000, Narrow klass shift: 0, Narrow klass range: 0x100000000

GC Precious Log:
 CardTable entry size: 512
 CPUs: 12 total, 12 available
 Memory: 20164M
 Large Page Support: Disabled
 NUMA Support: Disabled
 Compressed Oops: Enabled (32-bit)
 Alignments: Space 512K, Generation 512K, Heap 2M
 Heap Min Capacity: 100M
 Heap Initial Capacity: 100M
 Heap Max Capacity: 1G
 Pre-touch: Disabled
 Parallel Workers: 10

Heap:
 PSYoungGen      total 5120K, used 5087K [0x00000000eab00000, 0x00000000eb500000, 0x0000000100000000)
  eden space 4096K, 99% used [0x00000000eab00000,0x00000000eaefffa0,0x00000000eaf00000)
  from space 1024K, 96% used [0x00000000eb400000,0x00000000eb4f8000,0x00000000eb500000)
  to   space 1536K, 98% used [0x00000000eb200000,0x00000000eb37a1a0,0x00000000eb380000)
 ParOldGen       total 352256K, used 352091K [0x00000000c0000000, 0x00000000d5800000, 0x00000000eab00000)
  object space 352256K, 99% used [0x00000000c0000000,0x00000000d57d6de8,0x00000000d5800000)
 Metaspace       used 66994K, committed 68480K, reserved 1114112K
  class space    used 7006K, committed 7616K, reserved 1048576K

Card table byte_map: [0x0000023226120000,0x0000023226330000] _byte_map_base: 0x0000023225b20000

Marking Bits: (ParMarkBitMap*) 0x00007ffcd47c2250
 Begin Bits: [0x0000023238ad0000, 0x0000023239ad0000)
 End Bits:   [0x0000023239ad0000, 0x000002323aad0000)

Polling page: 0x0000023224680000

Metaspace:

Usage:
  Non-class:     58.58 MB used.
      Class:      6.84 MB used.
       Both:     65.42 MB used.

Virtual space:
  Non-class space:       64.00 MB reserved,      59.44 MB ( 93%) committed,  1 nodes.
      Class space:        1.00 GB reserved,       7.44 MB ( <1%) committed,  1 nodes.
             Both:        1.06 GB reserved,      66.88 MB (  6%) committed. 

Chunk freelists:
   Non-Class:  4.47 MB
       Class:  8.55 MB
        Both:  13.02 MB

MaxMetaspaceSize: unlimited
CompressedClassSpaceSize: 1.00 GB
Initial GC threshold: 21.00 MB
Current GC threshold: 97.31 MB
CDS: on
 - commit_granule_bytes: 65536.
 - commit_granule_words: 8192.
 - virtual_space_node_default_size: 8388608.
 - enlarge_chunks_in_place: 1.
 - use_allocation_guard: 0.


Internal statistics:

num_allocs_failed_limit: 9.
num_arena_births: 1186.
num_arena_deaths: 14.
num_vsnodes_births: 2.
num_vsnodes_deaths: 0.
num_space_committed: 1070.
num_space_uncommitted: 0.
num_chunks_returned_to_freelist: 23.
num_chunks_taken_from_freelist: 4262.
num_chunk_merges: 15.
num_chunk_splits: 2557.
num_chunks_enlarged: 1346.
num_inconsistent_stats: 0.

CodeHeap 'non-profiled nmethods': size=120000Kb used=7639Kb max_used=7639Kb free=112361Kb
 bounds [0x00000232315a0000, 0x0000023231d20000, 0x0000023238ad0000]
CodeHeap 'profiled nmethods': size=120000Kb used=22862Kb max_used=22862Kb free=97137Kb
 bounds [0x0000023229ad0000, 0x000002322b130000, 0x0000023231000000]
CodeHeap 'non-nmethods': size=5760Kb used=1464Kb max_used=1574Kb free=4295Kb
 bounds [0x0000023231000000, 0x0000023231270000, 0x00000232315a0000]
 total_blobs=11493 nmethods=10713 adapters=686
 compilation: enabled
              stopped_count=0, restarted_count=0
 full_count=0

Compilation events (20 events):
Event: 22.944 Thread 0x000002327d196d30 11528       3       java.util.jar.Attributes::getValue (12 bytes)
Event: 22.945 Thread 0x000002327d196d30 nmethod 11528 0x000002322b11ea90 code [0x000002322b11eca0, 0x000002322b11f388]
Event: 22.947 Thread 0x000002327d196d30 11529   !   3       java.lang.Thread::sleep (82 bytes)
Event: 22.948 Thread 0x000002327d196d30 nmethod 11529 0x000002322b11f610 code [0x000002322b11f840, 0x000002322b1200b0]
Event: 22.949 Thread 0x000002327d196d30 11530       3       com.google.inject.spi.DefaultBindingScopingVisitor::visitScope (5 bytes)
Event: 22.949 Thread 0x000002327d196d30 nmethod 11530 0x000002322b120410 code [0x000002322b1205c0, 0x000002322b120788]
Event: 22.950 Thread 0x000002327d196d30 11531       3       java.lang.Character::isUpperCase (5 bytes)
Event: 22.950 Thread 0x000002327d196d30 nmethod 11531 0x000002322b120810 code [0x000002322b1209e0, 0x000002322b120c38]
Event: 22.950 Thread 0x000002327d196d30 11533       2       java.util.LinkedHashMap::keySet (5 bytes)
Event: 22.950 Thread 0x000002327d196d30 nmethod 11533 0x000002322b120d10 code [0x000002322b120ec0, 0x000002322b120fe8]
Event: 22.950 Thread 0x000002327d196d30 11532       3       java.lang.Character::isUpperCase (9 bytes)
Event: 22.950 Thread 0x000002327d196d30 nmethod 11532 0x000002322b121090 code [0x000002322b121240, 0x000002322b121438]
Event: 22.954 Thread 0x000002327d196d30 11534       3       org.eclipse.sisu.plexus.RealmManager::visibleRealmNames (51 bytes)
Event: 22.954 Thread 0x000002327d196d30 nmethod 11534 0x000002322b121510 code [0x000002322b121700, 0x000002322b121bc0]
Event: 22.956 Thread 0x000002327d196d30 11535       3       org.eclipse.sisu.plexus.DefaultPlexusBeans::iterator (9 bytes)
Event: 22.956 Thread 0x000002327d196d30 nmethod 11535 0x000002322b121d10 code [0x000002322b121ee0, 0x000002322b122210]
Event: 22.956 Thread 0x000002327d196d30 11536       3       org.eclipse.sisu.plexus.DefaultPlexusBeans$Itr::<init> (26 bytes)
Event: 22.956 Thread 0x000002327d196d30 nmethod 11536 0x000002322b122390 code [0x000002322b122540, 0x000002322b1227c0]
Event: 22.956 Thread 0x000002327d196d30 11537       3       org.eclipse.sisu.plexus.RealmFilteredBeans::iterator (45 bytes)
Event: 22.957 Thread 0x000002327d196d30 nmethod 11537 0x000002322b122910 code [0x000002322b122b60, 0x000002322b123570]

GC Heap History (20 events):
Event: 22.069 GC heap before
{Heap before GC invocations=396 (full 3):
 PSYoungGen      total 9728K, used 9436K [0x00000000eab00000, 0x00000000eb900000, 0x0000000100000000)
  eden space 7168K, 100% used [0x00000000eab00000,0x00000000eb200000,0x00000000eb200000)
  from space 2560K, 88% used [0x00000000eb680000,0x00000000eb8b70b8,0x00000000eb900000)
  to   space 3072K, 0% used [0x00000000eb300000,0x00000000eb300000,0x00000000eb600000)
 ParOldGen       total 325632K, used 325213K [0x00000000c0000000, 0x00000000d3e00000, 0x00000000eab00000)
  object space 325632K, 99% used [0x00000000c0000000,0x00000000d3d97580,0x00000000d3e00000)
 Metaspace       used 66077K, committed 67520K, reserved 1114112K
  class space    used 6899K, committed 7488K, reserved 1048576K
}
Event: 22.072 GC heap after
{Heap after GC invocations=396 (full 3):
 PSYoungGen      total 11264K, used 2759K [0x00000000eab00000, 0x00000000eb980000, 0x0000000100000000)
  eden space 8192K, 0% used [0x00000000eab00000,0x00000000eab00000,0x00000000eb300000)
  from space 3072K, 89% used [0x00000000eb300000,0x00000000eb5b1fb8,0x00000000eb600000)
  to   space 3072K, 0% used [0x00000000eb680000,0x00000000eb680000,0x00000000eb980000)
 ParOldGen       total 327680K, used 327339K [0x00000000c0000000, 0x00000000d4000000, 0x00000000eab00000)
  object space 327680K, 99% used [0x00000000c0000000,0x00000000d3faaec8,0x00000000d4000000)
 Metaspace       used 66077K, committed 67520K, reserved 1114112K
  class space    used 6899K, committed 7488K, reserved 1048576K
}
Event: 22.081 GC heap before
{Heap before GC invocations=397 (full 3):
 PSYoungGen      total 11264K, used 10907K [0x00000000eab00000, 0x00000000eb980000, 0x0000000100000000)
  eden space 8192K, 99% used [0x00000000eab00000,0x00000000eb2f4ce8,0x00000000eb300000)
  from space 3072K, 89% used [0x00000000eb300000,0x00000000eb5b1fb8,0x00000000eb600000)
  to   space 3072K, 0% used [0x00000000eb680000,0x00000000eb680000,0x00000000eb980000)
 ParOldGen       total 327680K, used 327339K [0x00000000c0000000, 0x00000000d4000000, 0x00000000eab00000)
  object space 327680K, 99% used [0x00000000c0000000,0x00000000d3faaec8,0x00000000d4000000)
 Metaspace       used 66077K, committed 67520K, reserved 1114112K
  class space    used 6899K, committed 7488K, reserved 1048576K
}
Event: 22.084 GC heap after
{Heap after GC invocations=397 (full 3):
 PSYoungGen      total 11264K, used 3064K [0x00000000eab00000, 0x00000000ebc00000, 0x0000000100000000)
  eden space 8192K, 0% used [0x00000000eab00000,0x00000000eab00000,0x00000000eb300000)
  from space 3072K, 99% used [0x00000000eb680000,0x00000000eb97e2a0,0x00000000eb980000)
  to   space 3584K, 0% used [0x00000000eb300000,0x00000000eb300000,0x00000000eb680000)
 ParOldGen       total 330752K, used 330296K [0x00000000c0000000, 0x00000000d4300000, 0x00000000eab00000)
  object space 330752K, 99% used [0x00000000c0000000,0x00000000d428e390,0x00000000d4300000)
 Metaspace       used 66077K, committed 67520K, reserved 1114112K
  class space    used 6899K, committed 7488K, reserved 1048576K
}
Event: 22.093 GC heap before
{Heap before GC invocations=398 (full 3):
 PSYoungGen      total 11264K, used 11256K [0x00000000eab00000, 0x00000000ebc00000, 0x0000000100000000)
  eden space 8192K, 100% used [0x00000000eab00000,0x00000000eb300000,0x00000000eb300000)
  from space 3072K, 99% used [0x00000000eb680000,0x00000000eb97e2a0,0x00000000eb980000)
  to   space 3584K, 0% used [0x00000000eb300000,0x00000000eb300000,0x00000000eb680000)
 ParOldGen       total 330752K, used 330296K [0x00000000c0000000, 0x00000000d4300000, 0x00000000eab00000)
  object space 330752K, 99% used [0x00000000c0000000,0x00000000d428e390,0x00000000d4300000)
 Metaspace       used 66077K, committed 67520K, reserved 1114112K
  class space    used 6899K, committed 7488K, reserved 1048576K
}
Event: 22.097 GC heap after
{Heap after GC invocations=398 (full 3):
 PSYoungGen      total 11776K, used 3583K [0x00000000eab00000, 0x00000000ebd00000, 0x0000000100000000)
  eden space 8192K, 0% used [0x00000000eab00000,0x00000000eab00000,0x00000000eb300000)
  from space 3584K, 99% used [0x00000000eb300000,0x00000000eb67fdd8,0x00000000eb680000)
  to   space 4096K, 0% used [0x00000000eb900000,0x00000000eb900000,0x00000000ebd00000)
 ParOldGen       total 333312K, used 333200K [0x00000000c0000000, 0x00000000d4580000, 0x00000000eab00000)
  object space 333312K, 99% used [0x00000000c0000000,0x00000000d4564370,0x00000000d4580000)
 Metaspace       used 66077K, committed 67520K, reserved 1114112K
  class space    used 6899K, committed 7488K, reserved 1048576K
}
Event: 22.107 GC heap before
{Heap before GC invocations=399 (full 3):
 PSYoungGen      total 11776K, used 11775K [0x00000000eab00000, 0x00000000ebd00000, 0x0000000100000000)
  eden space 8192K, 100% used [0x00000000eab00000,0x00000000eb300000,0x00000000eb300000)
  from space 3584K, 99% used [0x00000000eb300000,0x00000000eb67fdd8,0x00000000eb680000)
  to   space 4096K, 0% used [0x00000000eb900000,0x00000000eb900000,0x00000000ebd00000)
 ParOldGen       total 333312K, used 333200K [0x00000000c0000000, 0x00000000d4580000, 0x00000000eab00000)
  object space 333312K, 99% used [0x00000000c0000000,0x00000000d4564370,0x00000000d4580000)
 Metaspace       used 66077K, committed 67520K, reserved 1114112K
  class space    used 6899K, committed 7488K, reserved 1048576K
}
Event: 22.110 GC heap after
{Heap after GC invocations=399 (full 3):
 PSYoungGen      total 13824K, used 3346K [0x00000000eab00000, 0x00000000ebc80000, 0x0000000100000000)
  eden space 10240K, 0% used [0x00000000eab00000,0x00000000eab00000,0x00000000eb500000)
  from space 3584K, 93% used [0x00000000eb900000,0x00000000ebc449a0,0x00000000ebc80000)
  to   space 3584K, 0% used [0x00000000eb580000,0x00000000eb580000,0x00000000eb900000)
 ParOldGen       total 336896K, used 336629K [0x00000000c0000000, 0x00000000d4900000, 0x00000000eab00000)
  object space 336896K, 99% used [0x00000000c0000000,0x00000000d48bd6f8,0x00000000d4900000)
 Metaspace       used 66077K, committed 67520K, reserved 1114112K
  class space    used 6899K, committed 7488K, reserved 1048576K
}
Event: 22.230 GC heap before
{Heap before GC invocations=400 (full 3):
 PSYoungGen      total 13824K, used 13586K [0x00000000eab00000, 0x00000000ebc80000, 0x0000000100000000)
  eden space 10240K, 100% used [0x00000000eab00000,0x00000000eb500000,0x00000000eb500000)
  from space 3584K, 93% used [0x00000000eb900000,0x00000000ebc449a0,0x00000000ebc80000)
  to   space 3584K, 0% used [0x00000000eb580000,0x00000000eb580000,0x00000000eb900000)
 ParOldGen       total 336896K, used 336629K [0x00000000c0000000, 0x00000000d4900000, 0x00000000eab00000)
  object space 336896K, 99% used [0x00000000c0000000,0x00000000d48bd6f8,0x00000000d4900000)
 Metaspace       used 66086K, committed 67520K, reserved 1114112K
  class space    used 6899K, committed 7488K, reserved 1048576K
}
Event: 22.235 GC heap after
{Heap after GC invocations=400 (full 3):
 PSYoungGen      total 13312K, used 2917K [0x00000000eab00000, 0x00000000ebc00000, 0x0000000100000000)
  eden space 10240K, 0% used [0x00000000eab00000,0x00000000eab00000,0x00000000eb500000)
  from space 3072K, 94% used [0x00000000eb580000,0x00000000eb8595f8,0x00000000eb880000)
  to   space 3584K, 0% used [0x00000000eb880000,0x00000000eb880000,0x00000000ebc00000)
 ParOldGen       total 339968K, used 339850K [0x00000000c0000000, 0x00000000d4c00000, 0x00000000eab00000)
  object space 339968K, 99% used [0x00000000c0000000,0x00000000d4be2958,0x00000000d4c00000)
 Metaspace       used 66086K, committed 67520K, reserved 1114112K
  class space    used 6899K, committed 7488K, reserved 1048576K
}
Event: 22.621 GC heap before
{Heap before GC invocations=401 (full 3):
 PSYoungGen      total 13312K, used 13157K [0x00000000eab00000, 0x00000000ebc00000, 0x0000000100000000)
  eden space 10240K, 100% used [0x00000000eab00000,0x00000000eb500000,0x00000000eb500000)
  from space 3072K, 94% used [0x00000000eb580000,0x00000000eb8595f8,0x00000000eb880000)
  to   space 3584K, 0% used [0x00000000eb880000,0x00000000eb880000,0x00000000ebc00000)
 ParOldGen       total 339968K, used 339850K [0x00000000c0000000, 0x00000000d4c00000, 0x00000000eab00000)
  object space 339968K, 99% used [0x00000000c0000000,0x00000000d4be2958,0x00000000d4c00000)
 Metaspace       used 66240K, committed 67648K, reserved 1114112K
  class space    used 6910K, committed 7488K, reserved 1048576K
}
Event: 22.627 GC heap after
{Heap after GC invocations=401 (full 3):
 PSYoungGen      total 7680K, used 3561K [0x00000000eab00000, 0x00000000ec800000, 0x0000000100000000)
  eden space 4096K, 0% used [0x00000000eab00000,0x00000000eab00000,0x00000000eaf00000)
  from space 3584K, 99% used [0x00000000eb880000,0x00000000ebbfa7d0,0x00000000ebc00000)
  to   space 9728K, 0% used [0x00000000eaf00000,0x00000000eaf00000,0x00000000eb880000)
 ParOldGen       total 345088K, used 344897K [0x00000000c0000000, 0x00000000d5100000, 0x00000000eab00000)
  object space 345088K, 99% used [0x00000000c0000000,0x00000000d50d0790,0x00000000d5100000)
 Metaspace       used 66240K, committed 67648K, reserved 1114112K
  class space    used 6910K, committed 7488K, reserved 1048576K
}
Event: 22.733 GC heap before
{Heap before GC invocations=402 (full 3):
 PSYoungGen      total 7680K, used 7657K [0x00000000eab00000, 0x00000000ec800000, 0x0000000100000000)
  eden space 4096K, 100% used [0x00000000eab00000,0x00000000eaf00000,0x00000000eaf00000)
  from space 3584K, 99% used [0x00000000eb880000,0x00000000ebbfa7d0,0x00000000ebc00000)
  to   space 9728K, 0% used [0x00000000eaf00000,0x00000000eaf00000,0x00000000eb880000)
 ParOldGen       total 345088K, used 344897K [0x00000000c0000000, 0x00000000d5100000, 0x00000000eab00000)
  object space 345088K, 99% used [0x00000000c0000000,0x00000000d50d0790,0x00000000d5100000)
 Metaspace       used 66606K, committed 68032K, reserved 1114112K
  class space    used 6958K, committed 7552K, reserved 1048576K
}
Event: 22.739 GC heap after
{Heap after GC invocations=402 (full 3):
 PSYoungGen      total 6144K, used 1720K [0x00000000eab00000, 0x00000000eb900000, 0x0000000100000000)
  eden space 4096K, 0% used [0x00000000eab00000,0x00000000eab00000,0x00000000eaf00000)
  from space 2048K, 83% used [0x00000000eaf00000,0x00000000eb0ae000,0x00000000eb100000)
  to   space 4608K, 0% used [0x00000000eb480000,0x00000000eb480000,0x00000000eb900000)
 ParOldGen       total 348160K, used 348044K [0x00000000c0000000, 0x00000000d5400000, 0x00000000eab00000)
  object space 348160K, 99% used [0x00000000c0000000,0x00000000d53e3360,0x00000000d5400000)
 Metaspace       used 66606K, committed 68032K, reserved 1114112K
  class space    used 6958K, committed 7552K, reserved 1048576K
}
Event: 22.811 GC heap before
{Heap before GC invocations=403 (full 3):
 PSYoungGen      total 6144K, used 5552K [0x00000000eab00000, 0x00000000eb900000, 0x0000000100000000)
  eden space 4096K, 93% used [0x00000000eab00000,0x00000000eaebe278,0x00000000eaf00000)
  from space 2048K, 83% used [0x00000000eaf00000,0x00000000eb0ae000,0x00000000eb100000)
  to   space 4608K, 0% used [0x00000000eb480000,0x00000000eb480000,0x00000000eb900000)
 ParOldGen       total 348160K, used 348044K [0x00000000c0000000, 0x00000000d5400000, 0x00000000eab00000)
  object space 348160K, 99% used [0x00000000c0000000,0x00000000d53e3360,0x00000000d5400000)
 Metaspace       used 66828K, committed 68224K, reserved 1114112K
  class space    used 6979K, committed 7552K, reserved 1048576K
}
Event: 22.815 GC heap after
{Heap after GC invocations=403 (full 3):
 PSYoungGen      total 5632K, used 1198K [0x00000000eab00000, 0x00000000eb600000, 0x0000000100000000)
  eden space 4096K, 0% used [0x00000000eab00000,0x00000000eab00000,0x00000000eaf00000)
  from space 1536K, 77% used [0x00000000eb480000,0x00000000eb5ab820,0x00000000eb600000)
  to   space 2048K, 0% used [0x00000000eb200000,0x00000000eb200000,0x00000000eb400000)
 ParOldGen       total 349696K, used 349623K [0x00000000c0000000, 0x00000000d5580000, 0x00000000eab00000)
  object space 349696K, 99% used [0x00000000c0000000,0x00000000d556dcf8,0x00000000d5580000)
 Metaspace       used 66828K, committed 68224K, reserved 1114112K
  class space    used 6979K, committed 7552K, reserved 1048576K
}
Event: 22.864 GC heap before
{Heap before GC invocations=404 (full 3):
 PSYoungGen      total 5632K, used 5164K [0x00000000eab00000, 0x00000000eb600000, 0x0000000100000000)
  eden space 4096K, 96% used [0x00000000eab00000,0x00000000eaedf7f0,0x00000000eaf00000)
  from space 1536K, 77% used [0x00000000eb480000,0x00000000eb5ab820,0x00000000eb600000)
  to   space 2048K, 0% used [0x00000000eb200000,0x00000000eb200000,0x00000000eb400000)
 ParOldGen       total 349696K, used 349623K [0x00000000c0000000, 0x00000000d5580000, 0x00000000eab00000)
  object space 349696K, 99% used [0x00000000c0000000,0x00000000d556dcf8,0x00000000d5580000)
 Metaspace       used 66892K, committed 68352K, reserved 1114112K
  class space    used 6992K, committed 7616K, reserved 1048576K
}
Event: 22.868 GC heap after
{Heap after GC invocations=404 (full 3):
 PSYoungGen      total 6144K, used 1538K [0x00000000eab00000, 0x00000000eb500000, 0x0000000100000000)
  eden space 4096K, 0% used [0x00000000eab00000,0x00000000eab00000,0x00000000eaf00000)
  from space 2048K, 75% used [0x00000000eb200000,0x00000000eb380b40,0x00000000eb400000)
  to   space 1024K, 0% used [0x00000000eb400000,0x00000000eb400000,0x00000000eb500000)
 ParOldGen       total 350720K, used 350712K [0x00000000c0000000, 0x00000000d5680000, 0x00000000eab00000)
  object space 350720K, 99% used [0x00000000c0000000,0x00000000d567e328,0x00000000d5680000)
 Metaspace       used 66892K, committed 68352K, reserved 1114112K
  class space    used 6992K, committed 7616K, reserved 1048576K
}
Event: 22.914 GC heap before
{Heap before GC invocations=405 (full 3):
 PSYoungGen      total 6144K, used 5540K [0x00000000eab00000, 0x00000000eb500000, 0x0000000100000000)
  eden space 4096K, 97% used [0x00000000eab00000,0x00000000eaee8850,0x00000000eaf00000)
  from space 2048K, 75% used [0x00000000eb200000,0x00000000eb380b40,0x00000000eb400000)
  to   space 1024K, 0% used [0x00000000eb400000,0x00000000eb400000,0x00000000eb500000)
 ParOldGen       total 350720K, used 350712K [0x00000000c0000000, 0x00000000d5680000, 0x00000000eab00000)
  object space 350720K, 99% used [0x00000000c0000000,0x00000000d567e328,0x00000000d5680000)
 Metaspace       used 66893K, committed 68352K, reserved 1114112K
  class space    used 6992K, committed 7616K, reserved 1048576K
}
Event: 22.917 GC heap after
{Heap after GC invocations=405 (full 3):
 PSYoungGen      total 5120K, used 992K [0x00000000eab00000, 0x00000000eb500000, 0x0000000100000000)
  eden space 4096K, 0% used [0x00000000eab00000,0x00000000eab00000,0x00000000eaf00000)
  from space 1024K, 96% used [0x00000000eb400000,0x00000000eb4f8000,0x00000000eb500000)
  to   space 1536K, 0% used [0x00000000eb200000,0x00000000eb200000,0x00000000eb380000)
 ParOldGen       total 352256K, used 351923K [0x00000000c0000000, 0x00000000d5800000, 0x00000000eab00000)
  object space 352256K, 99% used [0x00000000c0000000,0x00000000d57acdc8,0x00000000d5800000)
 Metaspace       used 66893K, committed 68352K, reserved 1114112K
  class space    used 6992K, committed 7616K, reserved 1048576K
}

Dll operation events (12 events):
Event: 0.025 Loaded shared library c:\Users\fuaad\.vscode\extensions\redhat.java-1.39.0-win32-x64\jre\21.0.5-win32-x86_64\bin\java.dll
Event: 0.158 Loaded shared library c:\Users\fuaad\.vscode\extensions\redhat.java-1.39.0-win32-x64\jre\21.0.5-win32-x86_64\bin\zip.dll
Event: 0.189 Loaded shared library C:\Users\fuaad\.vscode\extensions\redhat.java-1.39.0-win32-x64\jre\21.0.5-win32-x86_64\bin\instrument.dll
Event: 0.196 Loaded shared library C:\Users\fuaad\.vscode\extensions\redhat.java-1.39.0-win32-x64\jre\21.0.5-win32-x86_64\bin\net.dll
Event: 0.198 Loaded shared library C:\Users\fuaad\.vscode\extensions\redhat.java-1.39.0-win32-x64\jre\21.0.5-win32-x86_64\bin\nio.dll
Event: 0.201 Loaded shared library C:\Users\fuaad\.vscode\extensions\redhat.java-1.39.0-win32-x64\jre\21.0.5-win32-x86_64\bin\zip.dll
Event: 0.224 Loaded shared library C:\Users\fuaad\.vscode\extensions\redhat.java-1.39.0-win32-x64\jre\21.0.5-win32-x86_64\bin\jimage.dll
Event: 0.317 Loaded shared library c:\Users\fuaad\.vscode\extensions\redhat.java-1.39.0-win32-x64\jre\21.0.5-win32-x86_64\bin\verify.dll
Event: 2.058 Loaded shared library C:\Users\fuaad\AppData\Roaming\Code\User\globalStorage\redhat.java\1.39.0\config_win\org.eclipse.equinox.launcher\org.eclipse.equinox.launcher.win32.win32.x86_64_1.2.1100.v20240722-2106\eclipse_11904.dll
Event: 4.716 Loaded shared library C:\Users\fuaad\AppData\Local\Temp\jna-97781013\jna9847903313873364241.dll
Event: 8.194 Loaded shared library C:\Users\fuaad\.vscode\extensions\redhat.java-1.39.0-win32-x64\jre\21.0.5-win32-x86_64\bin\sunmscapi.dll
Event: 8.552 Loaded shared library C:\Users\fuaad\.vscode\extensions\redhat.java-1.39.0-win32-x64\jre\21.0.5-win32-x86_64\bin\extnet.dll

Deoptimization events (20 events):
Event: 22.901 Thread 0x0000023204a843f0 DEOPT PACKING pc=0x000002322a326c7b sp=0x000000ff415fe030
Event: 22.901 Thread 0x0000023204a843f0 DEOPT UNPACKING pc=0x0000023231054242 sp=0x000000ff415fd4a0 mode 0
Event: 22.936 Thread 0x0000023204a843f0 DEOPT PACKING pc=0x000002322a7da2e7 sp=0x000000ff415fdbf0
Event: 22.936 Thread 0x0000023204a843f0 DEOPT UNPACKING pc=0x0000023231054242 sp=0x000000ff415fd160 mode 0
Event: 22.947 Thread 0x00000232103b1180 Uncommon trap: trap_request=0xffffff45 fr.pc=0x0000023231cf1944 relative=0x0000000000000364
Event: 22.947 Thread 0x00000232103b1180 Uncommon trap: reason=unstable_if action=reinterpret pc=0x0000023231cf1944 method=java.lang.Module.getLayer()Ljava/lang/ModuleLayer; @ 13 c2
Event: 22.947 Thread 0x00000232103b1180 DEOPT PACKING pc=0x0000023231cf1944 sp=0x000000ff3fbfd9d0
Event: 22.947 Thread 0x00000232103b1180 DEOPT UNPACKING pc=0x0000023231053aa2 sp=0x000000ff3fbfd8a0 mode 2
Event: 22.964 Thread 0x00000232103b1180 Uncommon trap: trap_request=0xffffff45 fr.pc=0x0000023231ace41c relative=0x000000000000017c
Event: 22.964 Thread 0x00000232103b1180 Uncommon trap: reason=unstable_if action=reinterpret pc=0x0000023231ace41c method=org.eclipse.jdt.core.Signature.checkArrayDimension([CII)I @ 8 c2
Event: 22.964 Thread 0x00000232103b1180 DEOPT PACKING pc=0x0000023231ace41c sp=0x000000ff3fbfe8e0
Event: 22.964 Thread 0x00000232103b1180 DEOPT UNPACKING pc=0x0000023231053aa2 sp=0x000000ff3fbfe860 mode 2
Event: 22.964 Thread 0x00000232103b1180 Uncommon trap: trap_request=0xffffff45 fr.pc=0x0000023231b55c88 relative=0x0000000000000148
Event: 22.964 Thread 0x00000232103b1180 Uncommon trap: reason=unstable_if action=reinterpret pc=0x0000023231b55c88 method=org.eclipse.jdt.core.Signature.checkNextChar([CCIIZ)I @ 9 c2
Event: 22.964 Thread 0x00000232103b1180 DEOPT PACKING pc=0x0000023231b55c88 sp=0x000000ff3fbfe810
Event: 22.964 Thread 0x00000232103b1180 DEOPT UNPACKING pc=0x0000023231053aa2 sp=0x000000ff3fbfe7c8 mode 2
Event: 22.964 Thread 0x00000232103b1180 Uncommon trap: trap_request=0xffffff45 fr.pc=0x0000023231ae1638 relative=0x0000000000000db8
Event: 22.964 Thread 0x00000232103b1180 Uncommon trap: reason=unstable_if action=reinterpret pc=0x0000023231ae1638 method=org.eclipse.jdt.core.Signature.encodeQualifiedName([CIILjava/lang/StringBuilder;)I @ 16 c2
Event: 22.964 Thread 0x00000232103b1180 DEOPT PACKING pc=0x0000023231ae1638 sp=0x000000ff3fbfe860
Event: 22.964 Thread 0x00000232103b1180 DEOPT UNPACKING pc=0x0000023231053aa2 sp=0x000000ff3fbfe840 mode 2

Classes loaded (20 events):
Event: 20.196 Loading class java/util/concurrent/CompletionException
Event: 20.196 Loading class java/util/concurrent/CompletionException done
Event: 20.200 Loading class java/nio/file/FileTreeWalker$1
Event: 20.200 Loading class java/nio/file/FileTreeWalker$1 done
Event: 20.403 Loading class java/util/Collections$SynchronizedRandomAccessList
Event: 20.403 Loading class java/util/Collections$SynchronizedList
Event: 20.403 Loading class java/util/Collections$SynchronizedList done
Event: 20.403 Loading class java/util/Collections$SynchronizedRandomAccessList done
Event: 20.418 Loading class java/util/concurrent/CompletableFuture$Signaller
Event: 20.419 Loading class java/util/concurrent/CompletableFuture$Signaller done
Event: 22.567 Loading class java/lang/Throwable$WrappedPrintWriter
Event: 22.568 Loading class java/lang/Throwable$PrintStreamOrWriter
Event: 22.568 Loading class java/lang/Throwable$PrintStreamOrWriter done
Event: 22.568 Loading class java/lang/Throwable$WrappedPrintWriter done
Event: 22.633 Loading class java/util/Hashtable$KeySet
Event: 22.633 Loading class java/util/Hashtable$KeySet done
Event: 22.678 Loading class java/util/concurrent/CompletableFuture$UniApply
Event: 22.678 Loading class java/util/concurrent/CompletableFuture$UniApply done
Event: 22.680 Loading class java/util/concurrent/CompletableFuture$UniExceptionally
Event: 22.680 Loading class java/util/concurrent/CompletableFuture$UniExceptionally done

Classes unloaded (7 events):
Event: 5.882 Thread 0x000002323acb4960 Unloading class 0x000002323c19d400 'java/lang/invoke/LambdaForm$MH+0x000002323c19d400'
Event: 5.882 Thread 0x000002323acb4960 Unloading class 0x000002323c19d000 'java/lang/invoke/LambdaForm$MH+0x000002323c19d000'
Event: 5.882 Thread 0x000002323acb4960 Unloading class 0x000002323c19cc00 'java/lang/invoke/LambdaForm$MH+0x000002323c19cc00'
Event: 5.882 Thread 0x000002323acb4960 Unloading class 0x000002323c19c800 'java/lang/invoke/LambdaForm$MH+0x000002323c19c800'
Event: 5.882 Thread 0x000002323acb4960 Unloading class 0x000002323c19c400 'java/lang/invoke/LambdaForm$BMH+0x000002323c19c400'
Event: 5.882 Thread 0x000002323acb4960 Unloading class 0x000002323c19c000 'java/lang/invoke/LambdaForm$DMH+0x000002323c19c000'
Event: 5.882 Thread 0x000002323acb4960 Unloading class 0x000002323c19ac00 'java/lang/invoke/LambdaForm$DMH+0x000002323c19ac00'

Classes redefined (0 events):
No events

Internal exceptions (20 events):
Event: 20.341 Thread 0x000002327efd8440 Exception <a 'sun/nio/fs/WindowsException'{0x00000000eabd3200}> (0x00000000eabd3200) 
thrown [s\src\hotspot\share\prims\jni.cpp, line 520]
Event: 20.431 Thread 0x0000023204a85110 Exception <a 'sun/nio/fs/WindowsException'{0x00000000eab8b578}> (0x00000000eab8b578) 
thrown [s\src\hotspot\share\prims\jni.cpp, line 520]
Event: 20.431 Thread 0x0000023204a85110 Exception <a 'sun/nio/fs/WindowsException'{0x00000000eab8bba8}> (0x00000000eab8bba8) 
thrown [s\src\hotspot\share\prims\jni.cpp, line 520]
Event: 20.432 Thread 0x0000023204a85110 Exception <a 'sun/nio/fs/WindowsException'{0x00000000eabd3d48}> (0x00000000eabd3d48) 
thrown [s\src\hotspot\share\prims\jni.cpp, line 520]
Event: 20.433 Thread 0x0000023204a85110 Exception <a 'sun/nio/fs/WindowsException'{0x00000000eabdf598}> (0x00000000eabdf598) 
thrown [s\src\hotspot\share\prims\jni.cpp, line 520]
Event: 22.675 Thread 0x0000023204a85110 Exception <a 'java/lang/IncompatibleClassChangeError'{0x00000000eacf95f8}: Found class java.lang.Object, but interface was expected> (0x00000000eacf95f8) 
thrown [s\src\hotspot\share\interpreter\linkResolver.cpp, line 840]
Event: 22.685 Thread 0x0000023204a843f0 Exception <a 'sun/nio/fs/WindowsException'{0x00000000ead5c348}> (0x00000000ead5c348) 
thrown [s\src\hotspot\share\prims\jni.cpp, line 520]
Event: 22.685 Thread 0x0000023204a843f0 Exception <a 'sun/nio/fs/WindowsException'{0x00000000ead621c8}> (0x00000000ead621c8) 
thrown [s\src\hotspot\share\prims\jni.cpp, line 520]
Event: 22.686 Thread 0x0000023204a843f0 Exception <a 'sun/nio/fs/WindowsException'{0x00000000ead62e70}> (0x00000000ead62e70) 
thrown [s\src\hotspot\share\prims\jni.cpp, line 520]
Event: 22.686 Thread 0x0000023204a843f0 Exception <a 'sun/nio/fs/WindowsException'{0x00000000ead634a0}> (0x00000000ead634a0) 
thrown [s\src\hotspot\share\prims\jni.cpp, line 520]
Event: 22.693 Thread 0x0000023204a843f0 Exception <a 'java/io/FileNotFoundException'{0x00000000ead7dee0}> (0x00000000ead7dee0) 
thrown [s\src\hotspot\share\prims\jni.cpp, line 520]
Event: 22.694 Thread 0x0000023204a843f0 Exception <a 'java/io/FileNotFoundException'{0x00000000ead7ec60}> (0x00000000ead7ec60) 
thrown [s\src\hotspot\share\prims\jni.cpp, line 520]
Event: 22.711 Thread 0x0000023204a843f0 Exception <a 'sun/nio/fs/WindowsException'{0x00000000eadef5a0}> (0x00000000eadef5a0) 
thrown [s\src\hotspot\share\prims\jni.cpp, line 520]
Event: 22.711 Thread 0x0000023204a843f0 Exception <a 'sun/nio/fs/WindowsException'{0x00000000eadefbd0}> (0x00000000eadefbd0) 
thrown [s\src\hotspot\share\prims\jni.cpp, line 520]
Event: 22.749 Thread 0x0000023204a843f0 Exception <a 'sun/nio/fs/WindowsException'{0x00000000eabfa1b8}> (0x00000000eabfa1b8) 
thrown [s\src\hotspot\share\prims\jni.cpp, line 520]
Event: 22.749 Thread 0x0000023204a843f0 Exception <a 'sun/nio/fs/WindowsException'{0x00000000eabfaa98}> (0x00000000eabfaa98) 
thrown [s\src\hotspot\share\prims\jni.cpp, line 520]
Event: 22.786 Thread 0x000002327efd97f0 Exception <a 'sun/nio/fs/WindowsException'{0x00000000eace8258}> (0x00000000eace8258) 
thrown [s\src\hotspot\share\prims\jni.cpp, line 520]
Event: 22.787 Thread 0x000002327efd97f0 Exception <a 'sun/nio/fs/WindowsException'{0x00000000eacece30}> (0x00000000eacece30) 
thrown [s\src\hotspot\share\prims\jni.cpp, line 520]
Event: 22.831 Thread 0x000002327efd97f0 Exception <a 'java/lang/NoSuchMethodError'{0x00000000ead1dc68}: 'java.lang.Object java.lang.invoke.Invokers$Holder.linkToTargetMethod(java.lang.Object, java.lang.Object, int, int, java.lang.Object)'> (0x00000000ead1dc68) 
thrown [s\src\hotspot\share\interpreter\linkResolver.cpp, line 773]
Event: 22.846 Thread 0x000002327efd97f0 Exception <a 'java/lang/NoSuchMethodError'{0x00000000ead68678}: method resolution failed> (0x00000000ead68678) 
thrown [s\src\hotspot\share\prims\methodHandles.cpp, line 1144]

ZGC Phase Switch (0 events):
No events

VM Operations (20 events):
Event: 22.068 Executing VM operation: ParallelGCFailedAllocation (Allocation Failure)
Event: 22.072 Executing VM operation: ParallelGCFailedAllocation (Allocation Failure) done
Event: 22.081 Executing VM operation: ParallelGCFailedAllocation (Allocation Failure)
Event: 22.084 Executing VM operation: ParallelGCFailedAllocation (Allocation Failure) done
Event: 22.093 Executing VM operation: ParallelGCFailedAllocation (Allocation Failure)
Event: 22.097 Executing VM operation: ParallelGCFailedAllocation (Allocation Failure) done
Event: 22.107 Executing VM operation: ParallelGCFailedAllocation (Allocation Failure)
Event: 22.110 Executing VM operation: ParallelGCFailedAllocation (Allocation Failure) done
Event: 22.230 Executing VM operation: ParallelGCFailedAllocation (Allocation Failure)
Event: 22.235 Executing VM operation: ParallelGCFailedAllocation (Allocation Failure) done
Event: 22.621 Executing VM operation: ParallelGCFailedAllocation (Allocation Failure)
Event: 22.627 Executing VM operation: ParallelGCFailedAllocation (Allocation Failure) done
Event: 22.732 Executing VM operation: ParallelGCFailedAllocation (Allocation Failure)
Event: 22.739 Executing VM operation: ParallelGCFailedAllocation (Allocation Failure) done
Event: 22.808 Executing VM operation: ParallelGCFailedAllocation (Allocation Failure)
Event: 22.815 Executing VM operation: ParallelGCFailedAllocation (Allocation Failure) done
Event: 22.864 Executing VM operation: ParallelGCFailedAllocation (Allocation Failure)
Event: 22.868 Executing VM operation: ParallelGCFailedAllocation (Allocation Failure) done
Event: 22.907 Executing VM operation: ParallelGCFailedAllocation (Allocation Failure)
Event: 22.918 Executing VM operation: ParallelGCFailedAllocation (Allocation Failure) done

Memory protections (0 events):
No events

Nmethod flushes (20 events):
Event: 14.551 Thread 0x000002323acb4960 flushing  nmethod 0x000002322a2fe690
Event: 14.551 Thread 0x000002323acb4960 flushing  nmethod 0x000002322a309690
Event: 14.551 Thread 0x000002323acb4960 flushing  nmethod 0x000002322a324c90
Event: 14.551 Thread 0x000002323acb4960 flushing  nmethod 0x000002322a329f10
Event: 14.551 Thread 0x000002323acb4960 flushing osr nmethod 0x000002322a368010
Event: 14.551 Thread 0x000002323acb4960 flushing  nmethod 0x000002322a38ba10
Event: 14.551 Thread 0x000002323acb4960 flushing  nmethod 0x000002322a3a4d10
Event: 14.551 Thread 0x000002323acb4960 flushing  nmethod 0x000002322a3a5f90
Event: 14.551 Thread 0x000002323acb4960 flushing  nmethod 0x000002322a3a6c90
Event: 14.551 Thread 0x000002323acb4960 flushing  nmethod 0x000002322a3bd690
Event: 14.551 Thread 0x000002323acb4960 flushing  nmethod 0x000002322a3bef90
Event: 14.551 Thread 0x000002323acb4960 flushing  nmethod 0x000002322a3bf690
Event: 14.551 Thread 0x000002323acb4960 flushing  nmethod 0x000002322a3bfc90
Event: 14.551 Thread 0x000002323acb4960 flushing  nmethod 0x000002322a3c0b10
Event: 14.551 Thread 0x000002323acb4960 flushing  nmethod 0x000002322a3c2810
Event: 14.551 Thread 0x000002323acb4960 flushing  nmethod 0x000002322a3c5010
Event: 14.551 Thread 0x000002323acb4960 flushing  nmethod 0x000002322a3ccb10
Event: 14.551 Thread 0x000002323acb4960 flushing  nmethod 0x000002322a40cd90
Event: 14.551 Thread 0x000002323acb4960 flushing  nmethod 0x000002322a42b190
Event: 14.551 Thread 0x000002323acb4960 flushing  nmethod 0x000002322a433510

Events (20 events):
Event: 19.483 Thread 0x000002327efd97f0 Thread added: 0x00000232103b1ea0
Event: 19.618 Thread 0x00000232103b3250 Thread exited: 0x00000232103b3250
Event: 19.618 Thread 0x00000232103b2bc0 Thread exited: 0x00000232103b2bc0
Event: 19.620 Thread 0x00000232103b1810 Thread exited: 0x00000232103b1810
Event: 19.622 Thread 0x00000232103b1ea0 Thread exited: 0x00000232103b1ea0
Event: 19.624 Thread 0x00000232103b3f70 Thread exited: 0x00000232103b3f70
Event: 20.943 Thread 0x0000023206795e80 Thread exited: 0x0000023206795e80
Event: 21.124 Thread 0x0000023206796c20 Thread exited: 0x0000023206796c20
Event: 21.133 Thread 0x000002327d196d30 Thread added: 0x0000023206796550
Event: 21.701 Thread 0x0000023206796550 Thread exited: 0x0000023206796550
Event: 22.135 Thread 0x000002327d196d30 Thread added: 0x0000023206795e80
Event: 22.198 Thread 0x0000023206795e80 Thread added: 0x0000023206796550
Event: 22.679 Thread 0x0000023204a85110 Thread added: 0x00000232103b1ea0
Event: 22.683 Thread 0x00000232103b1ea0 Thread added: 0x00000232103b4600
Event: 22.692 Thread 0x0000023206796550 Thread exited: 0x0000023206796550
Event: 22.706 Thread 0x00000232103b4600 Thread added: 0x00000232103b1180
Event: 22.710 Thread 0x00000232103b1180 Thread added: 0x00000232103b2bc0
Event: 22.711 Thread 0x00000232103b2bc0 Thread added: 0x00000232103b38e0
Event: 22.730 Thread 0x0000023204a843f0 Thread added: 0x00000232103b1810
Event: 22.790 Thread 0x000002327d196d30 Thread added: 0x0000023206796550


Dynamic libraries:
0x00007ff765e40000 - 0x00007ff765e4e000 	c:\Users\fuaad\.vscode\extensions\redhat.java-1.39.0-win32-x64\jre\21.0.5-win32-x86_64\bin\java.exe
0x00007ffd85c60000 - 0x00007ffd85ec3000 	C:\WINDOWS\SYSTEM32\ntdll.dll
0x00007ffd83ed0000 - 0x00007ffd83f98000 	C:\WINDOWS\System32\KERNEL32.DLL
0x00007ffd83580000 - 0x00007ffd83932000 	C:\WINDOWS\System32\KERNELBASE.dll
0x00007ffd83940000 - 0x00007ffd83a8b000 	C:\WINDOWS\System32\ucrtbase.dll
0x00007ffd6be00000 - 0x00007ffd6be18000 	c:\Users\fuaad\.vscode\extensions\redhat.java-1.39.0-win32-x64\jre\21.0.5-win32-x86_64\bin\jli.dll
0x00007ffd85250000 - 0x00007ffd85418000 	C:\WINDOWS\System32\USER32.dll
0x00007ffd83a90000 - 0x00007ffd83ab7000 	C:\WINDOWS\System32\win32u.dll
0x00007ffd84050000 - 0x00007ffd8407a000 	C:\WINDOWS\System32\GDI32.dll
0x00007ffd79170000 - 0x00007ffd7918e000 	c:\Users\fuaad\.vscode\extensions\redhat.java-1.39.0-win32-x64\jre\21.0.5-win32-x86_64\bin\VCRUNTIME140.dll
0x00007ffd66ae0000 - 0x00007ffd66d70000 	C:\WINDOWS\WinSxS\amd64_microsoft.windows.common-controls_6595b64144ccf1df_6.0.26100.2454_none_3e0b68a2e331ad60\COMCTL32.dll
0x00007ffd83180000 - 0x00007ffd832ab000 	C:\WINDOWS\System32\gdi32full.dll
0x00007ffd851a0000 - 0x00007ffd85249000 	C:\WINDOWS\System32\msvcrt.dll
0x00007ffd832b0000 - 0x00007ffd83353000 	C:\WINDOWS\System32\msvcp_win.dll
0x00007ffd85080000 - 0x00007ffd850af000 	C:\WINDOWS\System32\IMM32.DLL
0x00007ffd7cee0000 - 0x00007ffd7ceec000 	c:\Users\fuaad\.vscode\extensions\redhat.java-1.39.0-win32-x64\jre\21.0.5-win32-x86_64\bin\vcruntime140_1.dll
0x00007ffd42f50000 - 0x00007ffd42fdd000 	c:\Users\fuaad\.vscode\extensions\redhat.java-1.39.0-win32-x64\jre\21.0.5-win32-x86_64\bin\msvcp140.dll
0x00007ffcd3b10000 - 0x00007ffcd489f000 	c:\Users\fuaad\.vscode\extensions\redhat.java-1.39.0-win32-x64\jre\21.0.5-win32-x86_64\bin\server\jvm.dll
0x00007ffd850e0000 - 0x00007ffd85194000 	C:\WINDOWS\System32\ADVAPI32.dll
0x00007ffd83fa0000 - 0x00007ffd84046000 	C:\WINDOWS\System32\sechost.dll
0x00007ffd84080000 - 0x00007ffd84196000 	C:\WINDOWS\System32\RPCRT4.dll
0x00007ffd85000000 - 0x00007ffd85074000 	C:\WINDOWS\System32\WS2_32.dll
0x00007ffd82ec0000 - 0x00007ffd82f0e000 	C:\WINDOWS\SYSTEM32\POWRPROF.dll
0x00007ffd67f10000 - 0x00007ffd67f1b000 	C:\WINDOWS\SYSTEM32\VERSION.dll
0x00007ffd768f0000 - 0x00007ffd76926000 	C:\WINDOWS\SYSTEM32\WINMM.dll
0x00007ffd82ea0000 - 0x00007ffd82eb4000 	C:\WINDOWS\SYSTEM32\UMPDC.dll
0x00007ffd81e30000 - 0x00007ffd81e4a000 	C:\WINDOWS\SYSTEM32\kernel.appcore.dll
0x00007ffd7c0d0000 - 0x00007ffd7c0da000 	c:\Users\fuaad\.vscode\extensions\redhat.java-1.39.0-win32-x64\jre\21.0.5-win32-x86_64\bin\jimage.dll
0x00007ffd7fb30000 - 0x00007ffd7fd71000 	C:\WINDOWS\SYSTEM32\DBGHELP.DLL
0x00007ffd83ac0000 - 0x00007ffd83e3e000 	C:\WINDOWS\System32\combase.dll
0x00007ffd84750000 - 0x00007ffd84826000 	C:\WINDOWS\System32\OLEAUT32.dll
0x00007ffd62950000 - 0x00007ffd62989000 	C:\WINDOWS\SYSTEM32\dbgcore.DLL
0x00007ffd83360000 - 0x00007ffd833f9000 	C:\WINDOWS\System32\bcryptPrimitives.dll
0x00007ffd79350000 - 0x00007ffd7935f000 	c:\Users\fuaad\.vscode\extensions\redhat.java-1.39.0-win32-x64\jre\21.0.5-win32-x86_64\bin\instrument.dll
0x00007ffd6aa60000 - 0x00007ffd6aa7f000 	c:\Users\fuaad\.vscode\extensions\redhat.java-1.39.0-win32-x64\jre\21.0.5-win32-x86_64\bin\java.dll
0x00007ffd848c0000 - 0x00007ffd84fc1000 	C:\WINDOWS\System32\SHELL32.dll
0x00007ffd80d00000 - 0x00007ffd81531000 	C:\WINDOWS\SYSTEM32\windows.storage.dll
0x00007ffd841b0000 - 0x00007ffd8428a000 	C:\WINDOWS\System32\SHCORE.dll
0x00007ffd85420000 - 0x00007ffd8547d000 	C:\WINDOWS\System32\shlwapi.dll
0x00007ffd82f40000 - 0x00007ffd82f6e000 	C:\WINDOWS\SYSTEM32\profapi.dll
0x00007ffd6a760000 - 0x00007ffd6a778000 	c:\Users\fuaad\.vscode\extensions\redhat.java-1.39.0-win32-x64\jre\21.0.5-win32-x86_64\bin\zip.dll
0x00007ffd6bdf0000 - 0x00007ffd6be00000 	C:\Users\fuaad\.vscode\extensions\redhat.java-1.39.0-win32-x64\jre\21.0.5-win32-x86_64\bin\net.dll
0x00007ffd78bb0000 - 0x00007ffd78cd6000 	C:\WINDOWS\SYSTEM32\WINHTTP.dll
0x00007ffd82310000 - 0x00007ffd82378000 	C:\WINDOWS\system32\mswsock.dll
0x00007ffd64700000 - 0x00007ffd64716000 	C:\Users\fuaad\.vscode\extensions\redhat.java-1.39.0-win32-x64\jre\21.0.5-win32-x86_64\bin\nio.dll
0x00007ffd6aaa0000 - 0x00007ffd6aab0000 	c:\Users\fuaad\.vscode\extensions\redhat.java-1.39.0-win32-x64\jre\21.0.5-win32-x86_64\bin\verify.dll
0x00007ffd611c0000 - 0x00007ffd61205000 	C:\Users\fuaad\AppData\Roaming\Code\User\globalStorage\redhat.java\1.39.0\config_win\org.eclipse.equinox.launcher\org.eclipse.equinox.launcher.win32.win32.x86_64_1.2.1100.v20240722-2106\eclipse_11904.dll
0x00007ffd843e0000 - 0x00007ffd84579000 	C:\WINDOWS\System32\ole32.dll
0x00007ffd826c0000 - 0x00007ffd826dc000 	C:\WINDOWS\SYSTEM32\CRYPTSP.dll
0x00007ffd81d90000 - 0x00007ffd81dc8000 	C:\WINDOWS\system32\rsaenh.dll
0x00007ffd823b0000 - 0x00007ffd823db000 	C:\WINDOWS\SYSTEM32\USERENV.dll
0x00007ffd82850000 - 0x00007ffd82876000 	C:\WINDOWS\SYSTEM32\bcrypt.dll
0x00007ffd82540000 - 0x00007ffd8254c000 	C:\WINDOWS\SYSTEM32\CRYPTBASE.dll
0x00007ffd818a0000 - 0x00007ffd818d2000 	C:\WINDOWS\SYSTEM32\IPHLPAPI.DLL
0x00007ffd84830000 - 0x00007ffd8483a000 	C:\WINDOWS\System32\NSI.dll
0x00007ffd60ae0000 - 0x00007ffd60b29000 	C:\Users\fuaad\AppData\Local\Temp\jna-97781013\jna9847903313873364241.dll
0x00007ffd841a0000 - 0x00007ffd841a8000 	C:\WINDOWS\System32\PSAPI.DLL
0x00007ffd7c2b0000 - 0x00007ffd7c2ce000 	C:\WINDOWS\SYSTEM32\dhcpcsvc6.DLL
0x00007ffd7c280000 - 0x00007ffd7c2a5000 	C:\WINDOWS\SYSTEM32\dhcpcsvc.DLL
0x00007ffd6dcc0000 - 0x00007ffd6dcce000 	C:\Users\fuaad\.vscode\extensions\redhat.java-1.39.0-win32-x64\jre\21.0.5-win32-x86_64\bin\sunmscapi.dll
0x00007ffd83400000 - 0x00007ffd83576000 	C:\WINDOWS\System32\CRYPT32.dll
0x00007ffd82810000 - 0x00007ffd82840000 	C:\WINDOWS\SYSTEM32\ncrypt.dll
0x00007ffd827c0000 - 0x00007ffd827ff000 	C:\WINDOWS\SYSTEM32\NTASN1.dll
0x00007ffd81940000 - 0x00007ffd81a65000 	C:\WINDOWS\SYSTEM32\DNSAPI.dll
0x00007ffd7bb90000 - 0x00007ffd7bb9b000 	C:\Windows\System32\rasadhlp.dll
0x00007ffd7cf70000 - 0x00007ffd7cff5000 	C:\WINDOWS\System32\fwpuclnt.dll
0x00007ffd69d20000 - 0x00007ffd69d29000 	C:\Users\fuaad\.vscode\extensions\redhat.java-1.39.0-win32-x64\jre\21.0.5-win32-x86_64\bin\extnet.dll

dbghelp: loaded successfully - version: 4.0.5 - missing functions: none
symbol engine: initialized successfully - sym options: 0x614 - pdb path: .;c:\Users\fuaad\.vscode\extensions\redhat.java-1.39.0-win32-x64\jre\21.0.5-win32-x86_64\bin;C:\WINDOWS\SYSTEM32;C:\WINDOWS\WinSxS\amd64_microsoft.windows.common-controls_6595b64144ccf1df_6.0.26100.2454_none_3e0b68a2e331ad60;c:\Users\fuaad\.vscode\extensions\redhat.java-1.39.0-win32-x64\jre\21.0.5-win32-x86_64\bin\server;C:\Users\fuaad\AppData\Roaming\Code\User\globalStorage\redhat.java\1.39.0\config_win\org.eclipse.equinox.launcher\org.eclipse.equinox.launcher.win32.win32.x86_64_1.2.1100.v20240722-2106;C:\Users\fuaad\AppData\Local\Temp\jna-97781013

VM Arguments:
jvm_args: --add-modules=ALL-SYSTEM --add-opens=java.base/java.util=ALL-UNNAMED --add-opens=java.base/java.lang=ALL-UNNAMED --add-opens=java.base/sun.nio.fs=ALL-UNNAMED -Declipse.application=org.eclipse.jdt.ls.core.id1 -Dosgi.bundles.defaultStartLevel=4 -Declipse.product=org.eclipse.jdt.ls.core.product -Djava.import.generatesMetadataFilesAtProjectRoot=false -DDetectVMInstallationsJob.disabled=true -Dfile.encoding=utf8 -XX:+UseParallelGC -XX:GCTimeRatio=4 -XX:AdaptiveSizePolicyWeight=90 -Dsun.zip.disableMemoryMapping=true -Xmx1G -Xms100m -Xlog:disable -javaagent:c:\Users\fuaad\.vscode\extensions\redhat.java-1.39.0-win32-x64\lombok\lombok-1.18.34.jar -XX:+HeapDumpOnOutOfMemoryError -XX:HeapDumpPath=c:\Users\fuaad\AppData\Roaming\Code\User\workspaceStorage\6c30bd74ec3d34501360af8526b8c21c\redhat.java -Daether.dependencyCollector.impl=bf 
java_command: c:\Users\fuaad\.vscode\extensions\redhat.java-1.39.0-win32-x64\server\plugins\org.eclipse.equinox.launcher_1.6.900.v20240613-2009.jar -configuration c:\Users\fuaad\AppData\Roaming\Code\User\globalStorage\redhat.java\1.39.0\config_win -data c:\Users\fuaad\AppData\Roaming\Code\User\workspaceStorage\6c30bd74ec3d34501360af8526b8c21c\redhat.java\jdt_ws --pipe=\\.\pipe\lsp-2e18bda593d0ad090e0f91a76b38a46e-sock
java_class_path (initial): c:\Users\fuaad\.vscode\extensions\redhat.java-1.39.0-win32-x64\server\plugins\org.eclipse.equinox.launcher_1.6.900.v20240613-2009.jar
Launcher Type: SUN_STANDARD

[Global flags]
    uintx AdaptiveSizePolicyWeight                 = 90                                        {product} {command line}
     intx CICompilerCount                          = 4                                         {product} {ergonomic}
    uintx GCTimeRatio                              = 4                                         {product} {command line}
     bool HeapDumpOnOutOfMemoryError               = true                                   {manageable} {command line}
    ccstr HeapDumpPath                             = c:\Users\fuaad\AppData\Roaming\Code\User\workspaceStorage\6c30bd74ec3d34501360af8526b8c21c\redhat.java         {manageable} {command line}
   size_t InitialHeapSize                          = 104857600                                 {product} {command line}
   size_t MaxHeapSize                              = 1073741824                                {product} {command line}
   size_t MaxNewSize                               = 357564416                                 {product} {ergonomic}
   size_t MinHeapDeltaBytes                        = 524288                                    {product} {ergonomic}
   size_t MinHeapSize                              = 104857600                                 {product} {command line}
   size_t NewSize                                  = 34603008                                  {product} {ergonomic}
    uintx NonNMethodCodeHeapSize                   = 5839372                                {pd product} {ergonomic}
    uintx NonProfiledCodeHeapSize                  = 122909434                              {pd product} {ergonomic}
   size_t OldSize                                  = 70254592                                  {product} {ergonomic}
    uintx ProfiledCodeHeapSize                     = 122909434                              {pd product} {ergonomic}
    uintx ReservedCodeCacheSize                    = 251658240                              {pd product} {ergonomic}
     bool SegmentedCodeCache                       = true                                      {product} {ergonomic}
   size_t SoftMaxHeapSize                          = 1073741824                             {manageable} {ergonomic}
     bool UseCompressedOops                        = true                           {product lp64_product} {ergonomic}
     bool UseLargePagesIndividualAllocation        = false                                  {pd product} {ergonomic}
     bool UseParallelGC                            = true                                      {product} {command line}

Logging:
Log output configuration:
 #0: stdout all=off uptime,level,tags foldmultilines=false
 #1: stderr all=off uptime,level,tags foldmultilines=false

Environment Variables:
PATH=C:\Program Files\Common Files\Oracle\Java\javapath;C:\WINDOWS\system32;C:\WINDOWS;C:\WINDOWS\System32\Wbem;C:\WINDOWS\System32\WindowsPowerShell\v1.0\;C:\WINDOWS\System32\OpenSSH\;C:\Program Files\Git\cmd;C:\Program Files (x86)\AOMEI\AOMEI Backupper\7.3.3;C:\ProgramData\chocolatey\bin;C:\Users\fuaad\AppData\Local\Programs\Microsoft VS Code\bin;C:\Users\fuaad\AppData\Local\Programs\Python\Python312;C:\Program Files\nodejs\;C:\Program Files\CMake\bin;C:\Users\fuaad\AppData\Local\Pub\Cache\bin;C:\Users\fuaad\AppData\Local\Programs\Python\Python312\Lib\site-packages\;C:\Users\fuaad\AppData\Local\Programs\Python\Python312\Scripts\;c:\webdriver;C:\Program Files\Microsoft SQL Server\150\Tools\Binn\;C:\Program Files\Microsoft SQL Server\Client SDK\ODBC\170\Tools\Binn\;C:\Program Files (x86)\Microsoft SQL Server\160\DTS\Binn\;C:\Program Files (x86)\Microsoft SQL Server\160\Tools\Binn\;C:\Program Files\Microsoft SQL Server\160\Tools\Binn\;C:\Program Files\Microsoft SQL Server\160\DTS\Binn\;C:\Path_files;C:\Program Files\dotnet\;C:\Program Files (x86)\Yarn\bin\;C:\Program Files\Go\bin;C:\Users\fuaad\AppData\Local\Programs\Python\Python38;C:\Users\fuaad\AppData\Local\Programs\Python\Python38\Scripts;C:\nats;C:\Program Files\Amazon\AWSCLIV2\;C:\Program Files\Minikube\;C:\Users\fuaad\scoop\shims;C:\Program Files\MySQL\MySQL Shell 8.0\bin\;C:\Users\fuaad\flutter\bin;C:\Users\fuaad\AppData\Roaming\npm;C:\Users\fuaad\AppData\Local\Pub\Cache\bin;C:\Users\fuaad\AppData\Local\Programs\Python\Python312\Scripts\;C:\Users\fuaad\.dotnet\tools;C:\Path_files;C:\Users\fuaad\AppData\Local\Yarn\bin;C:\Program Files\JetBrains\JetBrains Rider 2024.2.1\bin;;C:\Users\fuaad\go\bin;C:\Users\fuaad\AppData\Local\Programs\mongosh\;C:\Users\fuaad\AppData\Local\Programs\Microsoft VS Code\bin;C:\Users\fuaad\AppData\Local\Microsoft\WindowsApps;C:\Users\fuaad\AppData\Local\Microsoft\WinGet\Links;
USERNAME=fuaad
OS=Windows_NT
PROCESSOR_IDENTIFIER=Intel64 Family 6 Model 154 Stepping 4, GenuineIntel
TMP=C:\Users\fuaad\AppData\Local\Temp
TEMP=C:\Users\fuaad\AppData\Local\Temp




Periodic native trim disabled

---------------  S Y S T E M  ---------------

OS:
 Windows 11 , 64 bit Build 26100 (10.0.26100.2454)
OS uptime: 1 days 23:42 hours
Hyper-V role detected

CPU: total 12 (initial active 12) (6 cores per cpu, 2 threads per core) family 6 model 154 stepping 4 microcode 0x435, cx8, cmov, fxsr, ht, mmx, 3dnowpref, sse, sse2, sse3, ssse3, sse4.1, sse4.2, popcnt, lzcnt, tsc, tscinvbit, avx, avx2, aes, erms, clmul, bmi1, bmi2, adx, sha, fma, vzeroupper, clflush, clflushopt, clwb, hv, serialize, rdtscp, rdpid, fsrm, f16c, cet_ibt, cet_ss
Processor Information for all 12 processors :
  Max Mhz: 1600, Current Mhz: 1600, Mhz Limit: 1600

Memory: 4k page, system-wide physical 20164M (2122M free)
TotalPageFile size 30564M (AvailPageFile size 3M)
current process WorkingSet (physical memory assigned to process): 712M, peak: 712M
current process commit charge ("private bytes"): 631M, peak: 970M

vm_info: OpenJDK 64-Bit Server VM (21.0.5+11-LTS) for windows-amd64 JRE (21.0.5+11-LTS), built on 2024-10-15T00:00:00Z by "admin" with MS VC++ 17.7 (VS2022)

END.
